Building DAG of jobs...
Provided cores: 1
Rules claiming more threads will be scaled down.
Job counts:
	count	jobs
	1	aggregate_hrdetect_components
	1	all
	3	combine_scores
	3	hrd_scores
	1	hrdetect_component_paths
	1	hrdetect_output_table
	3	indel_annotation
	3	microhomology_calculation
	3	mutation_catalogs
	3	snv_signatures_signit_exposures
	3	snv_signatures_signit_summary
	3	sv_catalogs
	3	sv_signatures_signit_exposures
	3	sv_signatures_signit_summary
	34

rule mutation_catalogs:
    input: data/example/patients/patient1/sample1/somatic_snvs.vcf
    output: output/example/patients/patient1/sample1/snv_signatures/mutation_catalog.tsv
    jobid: 33
    wildcards: project=example, patient=patient1, sample=sample1

Rscript scripts/signatures/get_mutation_catalog.R -v data/example/patients/patient1/sample1/somatic_snvs.vcf -c output/example/patients/patient1/sample1/snv_signatures/mutation_catalog.tsv --ref hg19
Finished job 33.
1 of 34 steps (3%) done

rule mutation_catalogs:
    input: data/example/patients/patient2/sample1/somatic_snvs.vcf
    output: output/example/patients/patient2/sample1/snv_signatures/mutation_catalog.tsv
    jobid: 35
    wildcards: project=example, patient=patient2, sample=sample1

Rscript scripts/signatures/get_mutation_catalog.R -v data/example/patients/patient2/sample1/somatic_snvs.vcf -c output/example/patients/patient2/sample1/snv_signatures/mutation_catalog.tsv --ref hg19
Finished job 35.
2 of 34 steps (6%) done

rule mutation_catalogs:
    input: data/example/patients/patient3/sample1/somatic_snvs.vcf
    output: output/example/patients/patient3/sample1/snv_signatures/mutation_catalog.tsv
    jobid: 37
    wildcards: project=example, patient=patient3, sample=sample1

Rscript scripts/signatures/get_mutation_catalog.R -v data/example/patients/patient3/sample1/somatic_snvs.vcf -c output/example/patients/patient3/sample1/snv_signatures/mutation_catalog.tsv --ref hg19
Finished job 37.
3 of 34 steps (9%) done

rule sv_catalogs:
    input: data/example/patients/patient1/sample1/somatic_sv.tsv
    output: output/example/patients/patient1/sample1/sv_signatures/sv_catalog.tsv
    jobid: 32
    wildcards: project=example, patient=patient1, sample=sample1

Rscript scripts/sv/calculate_sv_catalog.R -i data/example/patients/patient1/sample1/somatic_sv.tsv -o output/example/patients/patient1/sample1/sv_signatures/sv_catalog.tsv
Error in rule sv_catalogs:
    jobid: 32
    output: output/example/patients/patient1/sample1/sv_signatures/sv_catalog.tsv

RuleException:
CalledProcessError in line 137 of /home/chris/hrdetect-pipeline/Snakefile:
Command ' set -euo pipefail;  Rscript scripts/sv/calculate_sv_catalog.R -i data/example/patients/patient1/sample1/somatic_sv.tsv -o output/example/patients/patient1/sample1/sv_signatures/sv_catalog.tsv ' returned non-zero exit status 1.
  File "/home/chris/hrdetect-pipeline/Snakefile", line 137, in __rule_sv_catalogs
  File "/mnt/data/bind_homes/chris/hrdetect-pipeline/dependencies/miniconda3/envs/dependencies/lib/python3.6/concurrent/futures/thread.py", line 56, in run
Will exit after finishing currently running jobs.
Exiting because a job execution failed. Look above for error message
Complete log: .snakemake/log/2021-02-25T105141.590047.snakemake.log
