Building DAG of jobs...
Provided cores: 1
Rules claiming more threads will be scaled down.
Job counts:
	count	jobs
	1	aggregate_hrdetect_components
	1	all
	8	combine_scores
	5	example_indels
	5	example_segments
	8	hrd_scores
	1	hrdetect_component_paths
	1	hrdetect_output_table
	8	indel_annotation
	8	microhomology_calculation
	8	mutation_catalogs
	8	snv_signatures_signit_exposures
	8	snv_signatures_signit_summary
	8	sv_catalogs
	8	sv_signatures_signit_exposures
	8	sv_signatures_signit_summary
	94

rule mutation_catalogs:
    input: data/example/patients/patient1/sample1/somatic_snvs.vcf
    output: output/example/patients/patient1/sample1/snv_signatures/mutation_catalog.tsv
    jobid: 91
    wildcards: project=example, patient=patient1, sample=sample1

Rscript scripts/signatures/get_mutation_catalog.R -v data/example/patients/patient1/sample1/somatic_snvs.vcf -c output/example/patients/patient1/sample1/snv_signatures/mutation_catalog.tsv --ref hg38
Finished job 91.
1 of 94 steps (1%) done

rule mutation_catalogs:
    input: data/example/patients/patient2/sample1/somatic_snvs.vcf
    output: output/example/patients/patient2/sample1/snv_signatures/mutation_catalog.tsv
    jobid: 87
    wildcards: project=example, patient=patient2, sample=sample1

Rscript scripts/signatures/get_mutation_catalog.R -v data/example/patients/patient2/sample1/somatic_snvs.vcf -c output/example/patients/patient2/sample1/snv_signatures/mutation_catalog.tsv --ref hg38
Finished job 87.
2 of 94 steps (2%) done

rule mutation_catalogs:
    input: data/example/patients/patient3/sample1/somatic_snvs.vcf
    output: output/example/patients/patient3/sample1/snv_signatures/mutation_catalog.tsv
    jobid: 89
    wildcards: project=example, patient=patient3, sample=sample1

Rscript scripts/signatures/get_mutation_catalog.R -v data/example/patients/patient3/sample1/somatic_snvs.vcf -c output/example/patients/patient3/sample1/snv_signatures/mutation_catalog.tsv --ref hg38
Finished job 89.
3 of 94 steps (3%) done

rule mutation_catalogs:
    input: data/example/patients/patient8/sample1/somatic_snvs.vcf
    output: output/example/patients/patient8/sample1/snv_signatures/mutation_catalog.tsv
    jobid: 95
    wildcards: project=example, patient=patient8, sample=sample1

Rscript scripts/signatures/get_mutation_catalog.R -v data/example/patients/patient8/sample1/somatic_snvs.vcf -c output/example/patients/patient8/sample1/snv_signatures/mutation_catalog.tsv --ref hg38
Error in rule mutation_catalogs:
    jobid: 95
    output: output/example/patients/patient8/sample1/snv_signatures/mutation_catalog.tsv

RuleException:
CalledProcessError in line 90 of /home/chris/hrdetect-pipeline/Snakefile:
Command ' set -euo pipefail;  Rscript scripts/signatures/get_mutation_catalog.R -v data/example/patients/patient8/sample1/somatic_snvs.vcf -c output/example/patients/patient8/sample1/snv_signatures/mutation_catalog.tsv --ref hg38 ' returned non-zero exit status 1.
  File "/home/chris/hrdetect-pipeline/Snakefile", line 90, in __rule_mutation_catalogs
  File "/mnt/data/bind_homes/chris/hrdetect-pipeline/dependencies/miniconda3/envs/dependencies/lib/python3.6/concurrent/futures/thread.py", line 56, in run
Will exit after finishing currently running jobs.
Exiting because a job execution failed. Look above for error message
Complete log: .snakemake/log/2021-02-25T165201.702643.snakemake.log
