Building DAG of jobs...
Provided cores: 1
Rules claiming more threads will be scaled down.
Job counts:
	count	jobs
	1	aggregate_hrdetect_components
	1	all
	1	combine_scores
	1	example_indels
	1	example_segments
	1	example_snvs
	1	example_sv
	1	hrd_scores
	1	hrdetect_component_paths
	1	hrdetect_output_table
	1	indel_annotation
	1	microhomology_calculation
	1	mutation_catalogs
	1	snv_signatures_signit_exposures
	1	snv_signatures_signit_summary
	1	sv_catalogs
	1	sv_signatures_signit_exposures
	1	sv_signatures_signit_summary
	18

rule example_snvs:
    input: examples/example/patient2/sample1/somatic_snvs.vcf
    output: data/example/patients/patient2/sample1/somatic_snvs.vcf
    jobid: 16
    wildcards: patient=patient2, sample=sample1

cp -f examples/example/patient2/sample1/somatic_snvs.vcf data/example/patients/patient2/sample1/somatic_snvs.vcf
Finished job 16.
1 of 18 steps (6%) done

rule example_sv:
    input: examples/example/patient2/sample1/somatic_sv.tsv
    output: data/example/patients/patient2/sample1/somatic_sv.tsv
    jobid: 17
    wildcards: patient=patient2, sample=sample1

cp -f examples/example/patient2/sample1/somatic_sv.tsv data/example/patients/patient2/sample1/somatic_sv.tsv
Finished job 17.
2 of 18 steps (11%) done

rule mutation_catalogs:
    input: data/example/patients/patient2/sample1/somatic_snvs.vcf
    output: output/example/patients/patient2/sample1/snv_signatures/mutation_catalog.tsv
    jobid: 13
    wildcards: project=example, patient=patient2, sample=sample1

Rscript scripts/signatures/get_mutation_catalog.R -v data/example/patients/patient2/sample1/somatic_snvs.vcf -c output/example/patients/patient2/sample1/snv_signatures/mutation_catalog.tsv --ref GRCh38
Error in rule mutation_catalogs:
    jobid: 13
    output: output/example/patients/patient2/sample1/snv_signatures/mutation_catalog.tsv

RuleException:
CalledProcessError in line 90 of /home/chris/hrdetect-pipeline/Snakefile:
Command ' set -euo pipefail;  Rscript scripts/signatures/get_mutation_catalog.R -v data/example/patients/patient2/sample1/somatic_snvs.vcf -c output/example/patients/patient2/sample1/snv_signatures/mutation_catalog.tsv --ref GRCh38 ' returned non-zero exit status 1.
  File "/home/chris/hrdetect-pipeline/Snakefile", line 90, in __rule_mutation_catalogs
  File "/mnt/data/bind_homes/chris/hrdetect-pipeline/dependencies/miniconda3/envs/dependencies/lib/python3.6/concurrent/futures/thread.py", line 56, in run
Will exit after finishing currently running jobs.
Exiting because a job execution failed. Look above for error message
Complete log: .snakemake/log/2021-02-26T150037.964773.snakemake.log
