Building DAG of jobs...
Provided cores: 1
Rules claiming more threads will be scaled down.
Job counts:
	count	jobs
	1	aggregate_hrdetect_components
	1	all
	46	combine_scores
	21	example_indels
	46	example_segments
	1	example_snvs
	1	example_sv
	46	hrd_scores
	1	hrdetect_component_paths
	1	hrdetect_output_table
	46	indel_annotation
	46	microhomology_calculation
	14	mutation_catalogs
	46	snv_signatures_signit_exposures
	46	snv_signatures_signit_summary
	46	sv_catalogs
	46	sv_signatures_signit_exposures
	46	sv_signatures_signit_summary
	501

rule example_snvs:
    input: examples/example/patient8/sample1/somatic_snvs.vcf
    output: data/example/patients/patient8/sample1/somatic_snvs.vcf
    jobid: 570
    wildcards: patient=patient8, sample=sample1

cp -f examples/example/patient8/sample1/somatic_snvs.vcf data/example/patients/patient8/sample1/somatic_snvs.vcf
Finished job 570.
1 of 501 steps (0.20%) done

rule example_sv:
    input: examples/example/patient8/sample1/somatic_sv.tsv
    output: data/example/patients/patient8/sample1/somatic_sv.tsv
    jobid: 571
    wildcards: patient=patient8, sample=sample1

cp -f examples/example/patient8/sample1/somatic_sv.tsv data/example/patients/patient8/sample1/somatic_sv.tsv
Finished job 571.
2 of 501 steps (0.40%) done

rule mutation_catalogs:
    input: data/example/patients/patient8/sample1/somatic_snvs.vcf
    output: output/example/patients/patient8/sample1/snv_signatures/mutation_catalog.tsv
    jobid: 439
    wildcards: project=example, patient=patient8, sample=sample1

Rscript scripts/signatures/get_mutation_catalog.R -v data/example/patients/patient8/sample1/somatic_snvs.vcf -c output/example/patients/patient8/sample1/snv_signatures/mutation_catalog.tsv --ref hg19
Finished job 439.
3 of 501 steps (0.60%) done

rule example_indels:
    input: examples/example/patient28/sample1/somatic_indels.vcf
    output: data/example/patients/patient28/sample1/somatic_indels.vcf
    jobid: 419
    wildcards: patient=patient28, sample=sample1

cp -f examples/example/patient28/sample1/somatic_indels.vcf data/example/patients/patient28/sample1/somatic_indels.vcf
Finished job 419.
4 of 501 steps (0.80%) done

rule example_indels:
    input: examples/example/patient23/sample1/somatic_indels.vcf
    output: data/example/patients/patient23/sample1/somatic_indels.vcf
    jobid: 461
    wildcards: patient=patient23, sample=sample1

cp -f examples/example/patient23/sample1/somatic_indels.vcf data/example/patients/patient23/sample1/somatic_indels.vcf
Finished job 461.
5 of 501 steps (1.00%) done

rule example_indels:
    input: examples/example/patient26/sample1/somatic_indels.vcf
    output: data/example/patients/patient26/sample1/somatic_indels.vcf
    jobid: 425
    wildcards: patient=patient26, sample=sample1

cp -f examples/example/patient26/sample1/somatic_indels.vcf data/example/patients/patient26/sample1/somatic_indels.vcf
Finished job 425.
6 of 501 steps (1%) done

rule mutation_catalogs:
    input: data/example/patients/patient10/sample1/somatic_snvs.vcf
    output: output/example/patients/patient10/sample1/snv_signatures/mutation_catalog.tsv
    jobid: 479
    wildcards: project=example, patient=patient10, sample=sample1

Rscript scripts/signatures/get_mutation_catalog.R -v data/example/patients/patient10/sample1/somatic_snvs.vcf -c output/example/patients/patient10/sample1/snv_signatures/mutation_catalog.tsv --ref hg19
Finished job 479.
7 of 501 steps (1%) done

rule example_indels:
    input: examples/example/patient11/sample1/somatic_indels.vcf
    output: data/example/patients/patient11/sample1/somatic_indels.vcf
    jobid: 482
    wildcards: patient=patient11, sample=sample1

cp -f examples/example/patient11/sample1/somatic_indels.vcf data/example/patients/patient11/sample1/somatic_indels.vcf
Finished job 482.
8 of 501 steps (2%) done

rule example_indels:
    input: examples/example/patient42/sample1/somatic_indels.vcf
    output: data/example/patients/patient42/sample1/somatic_indels.vcf
    jobid: 529
    wildcards: patient=patient42, sample=sample1

cp -f examples/example/patient42/sample1/somatic_indels.vcf data/example/patients/patient42/sample1/somatic_indels.vcf
Finished job 529.
9 of 501 steps (2%) done

rule example_indels:
    input: examples/example/patient2/sample1/somatic_indels.vcf
    output: data/example/patients/patient2/sample1/somatic_indels.vcf
    jobid: 554
    wildcards: patient=patient2, sample=sample1

cp -f examples/example/patient2/sample1/somatic_indels.vcf data/example/patients/patient2/sample1/somatic_indels.vcf
Finished job 554.
10 of 501 steps (2%) done

rule example_indels:
    input: examples/example/patient14/sample1/somatic_indels.vcf
    output: data/example/patients/patient14/sample1/somatic_indels.vcf
    jobid: 469
    wildcards: patient=patient14, sample=sample1

cp -f examples/example/patient14/sample1/somatic_indels.vcf data/example/patients/patient14/sample1/somatic_indels.vcf
Finished job 469.
11 of 501 steps (2%) done

rule mutation_catalogs:
    input: data/example/patients/patient15/sample1/somatic_snvs.vcf
    output: output/example/patients/patient15/sample1/snv_signatures/mutation_catalog.tsv
    jobid: 474
    wildcards: project=example, patient=patient15, sample=sample1

Rscript scripts/signatures/get_mutation_catalog.R -v data/example/patients/patient15/sample1/somatic_snvs.vcf -c output/example/patients/patient15/sample1/snv_signatures/mutation_catalog.tsv --ref hg19
Finished job 474.
12 of 501 steps (2%) done

rule mutation_catalogs:
    input: data/example/patients/patient13/sample1/somatic_snvs.vcf
    output: output/example/patients/patient13/sample1/snv_signatures/mutation_catalog.tsv
    jobid: 492
    wildcards: project=example, patient=patient13, sample=sample1

Rscript scripts/signatures/get_mutation_catalog.R -v data/example/patients/patient13/sample1/somatic_snvs.vcf -c output/example/patients/patient13/sample1/snv_signatures/mutation_catalog.tsv --ref hg19
Finished job 492.
13 of 501 steps (3%) done

rule mutation_catalogs:
    input: data/example/patients/patient9/sample1/somatic_snvs.vcf
    output: output/example/patients/patient9/sample1/snv_signatures/mutation_catalog.tsv
    jobid: 536
    wildcards: project=example, patient=patient9, sample=sample1

Rscript scripts/signatures/get_mutation_catalog.R -v data/example/patients/patient9/sample1/somatic_snvs.vcf -c output/example/patients/patient9/sample1/snv_signatures/mutation_catalog.tsv --ref hg19
Finished job 536.
14 of 501 steps (3%) done

rule example_indels:
    input: examples/example/patient13/sample1/somatic_indels.vcf
    output: data/example/patients/patient13/sample1/somatic_indels.vcf
    jobid: 490
    wildcards: patient=patient13, sample=sample1

cp -f examples/example/patient13/sample1/somatic_indels.vcf data/example/patients/patient13/sample1/somatic_indels.vcf
Finished job 490.
15 of 501 steps (3%) done

rule mutation_catalogs:
    input: data/example/patients/patient2/sample1/somatic_snvs.vcf
    output: output/example/patients/patient2/sample1/snv_signatures/mutation_catalog.tsv
    jobid: 553
    wildcards: project=example, patient=patient2, sample=sample1

Rscript scripts/signatures/get_mutation_catalog.R -v data/example/patients/patient2/sample1/somatic_snvs.vcf -c output/example/patients/patient2/sample1/snv_signatures/mutation_catalog.tsv --ref hg19
Finished job 553.
16 of 501 steps (3%) done

rule example_indels:
    input: examples/example/patient8/sample1/somatic_indels.vcf
    output: data/example/patients/patient8/sample1/somatic_indels.vcf
    jobid: 440
    wildcards: patient=patient8, sample=sample1

cp -f examples/example/patient8/sample1/somatic_indels.vcf data/example/patients/patient8/sample1/somatic_indels.vcf
Finished job 440.
17 of 501 steps (3%) done

rule example_indels:
    input: examples/example/patient15/sample1/somatic_indels.vcf
    output: data/example/patients/patient15/sample1/somatic_indels.vcf
    jobid: 473
    wildcards: patient=patient15, sample=sample1

cp -f examples/example/patient15/sample1/somatic_indels.vcf data/example/patients/patient15/sample1/somatic_indels.vcf
Finished job 473.
18 of 501 steps (4%) done

rule example_indels:
    input: examples/example/patient7/sample1/somatic_indels.vcf
    output: data/example/patients/patient7/sample1/somatic_indels.vcf
    jobid: 545
    wildcards: patient=patient7, sample=sample1

cp -f examples/example/patient7/sample1/somatic_indels.vcf data/example/patients/patient7/sample1/somatic_indels.vcf
Finished job 545.
19 of 501 steps (4%) done

rule mutation_catalogs:
    input: data/example/patients/patient7/sample1/somatic_snvs.vcf
    output: output/example/patients/patient7/sample1/snv_signatures/mutation_catalog.tsv
    jobid: 546
    wildcards: project=example, patient=patient7, sample=sample1

Rscript scripts/signatures/get_mutation_catalog.R -v data/example/patients/patient7/sample1/somatic_snvs.vcf -c output/example/patients/patient7/sample1/snv_signatures/mutation_catalog.tsv --ref hg19
Finished job 546.
20 of 501 steps (4%) done

rule mutation_catalogs:
    input: data/example/patients/patient1/sample1/somatic_snvs.vcf
    output: output/example/patients/patient1/sample1/snv_signatures/mutation_catalog.tsv
    jobid: 524
    wildcards: project=example, patient=patient1, sample=sample1

Rscript scripts/signatures/get_mutation_catalog.R -v data/example/patients/patient1/sample1/somatic_snvs.vcf -c output/example/patients/patient1/sample1/snv_signatures/mutation_catalog.tsv --ref hg19
Finished job 524.
21 of 501 steps (4%) done

rule example_indels:
    input: examples/example/patient21/sample1/somatic_indels.vcf
    output: data/example/patients/patient21/sample1/somatic_indels.vcf
    jobid: 493
    wildcards: patient=patient21, sample=sample1

cp -f examples/example/patient21/sample1/somatic_indels.vcf data/example/patients/patient21/sample1/somatic_indels.vcf
Finished job 493.
22 of 501 steps (4%) done

rule mutation_catalogs:
    input: data/example/patients/patient5/sample1/somatic_snvs.vcf
    output: output/example/patients/patient5/sample1/snv_signatures/mutation_catalog.tsv
    jobid: 438
    wildcards: project=example, patient=patient5, sample=sample1

Rscript scripts/signatures/get_mutation_catalog.R -v data/example/patients/patient5/sample1/somatic_snvs.vcf -c output/example/patients/patient5/sample1/snv_signatures/mutation_catalog.tsv --ref hg19
Finished job 438.
23 of 501 steps (5%) done

rule mutation_catalogs:
    input: data/example/patients/patient4/sample1/somatic_snvs.vcf
    output: output/example/patients/patient4/sample1/snv_signatures/mutation_catalog.tsv
    jobid: 444
    wildcards: project=example, patient=patient4, sample=sample1

Rscript scripts/signatures/get_mutation_catalog.R -v data/example/patients/patient4/sample1/somatic_snvs.vcf -c output/example/patients/patient4/sample1/snv_signatures/mutation_catalog.tsv --ref hg19
Finished job 444.
24 of 501 steps (5%) done

rule mutation_catalogs:
    input: data/example/patients/patient3/sample1/somatic_snvs.vcf
    output: output/example/patients/patient3/sample1/snv_signatures/mutation_catalog.tsv
    jobid: 434
    wildcards: project=example, patient=patient3, sample=sample1

Rscript scripts/signatures/get_mutation_catalog.R -v data/example/patients/patient3/sample1/somatic_snvs.vcf -c output/example/patients/patient3/sample1/snv_signatures/mutation_catalog.tsv --ref hg19
Finished job 434.
25 of 501 steps (5%) done

rule example_indels:
    input: examples/example/patient10/sample1/somatic_indels.vcf
    output: data/example/patients/patient10/sample1/somatic_indels.vcf
    jobid: 478
    wildcards: patient=patient10, sample=sample1

cp -f examples/example/patient10/sample1/somatic_indels.vcf data/example/patients/patient10/sample1/somatic_indels.vcf
Finished job 478.
26 of 501 steps (5%) done

rule example_indels:
    input: examples/example/patient9/sample1/somatic_indels.vcf
    output: data/example/patients/patient9/sample1/somatic_indels.vcf
    jobid: 535
    wildcards: patient=patient9, sample=sample1

cp -f examples/example/patient9/sample1/somatic_indels.vcf data/example/patients/patient9/sample1/somatic_indels.vcf
Finished job 535.
27 of 501 steps (5%) done

rule mutation_catalogs:
    input: data/example/patients/patient12/sample1/somatic_snvs.vcf
    output: output/example/patients/patient12/sample1/snv_signatures/mutation_catalog.tsv
    jobid: 508
    wildcards: project=example, patient=patient12, sample=sample1

Rscript scripts/signatures/get_mutation_catalog.R -v data/example/patients/patient12/sample1/somatic_snvs.vcf -c output/example/patients/patient12/sample1/snv_signatures/mutation_catalog.tsv --ref hg19
Error in rule mutation_catalogs:
    jobid: 508
    output: output/example/patients/patient12/sample1/snv_signatures/mutation_catalog.tsv

RuleException:
CalledProcessError in line 90 of /home/chris/hrdetect-pipeline/Snakefile:
Command ' set -euo pipefail;  Rscript scripts/signatures/get_mutation_catalog.R -v data/example/patients/patient12/sample1/somatic_snvs.vcf -c output/example/patients/patient12/sample1/snv_signatures/mutation_catalog.tsv --ref hg19 ' returned non-zero exit status 1.
  File "/home/chris/hrdetect-pipeline/Snakefile", line 90, in __rule_mutation_catalogs
  File "/mnt/data/bind_homes/chris/hrdetect-pipeline/dependencies/miniconda3/envs/dependencies/lib/python3.6/concurrent/futures/thread.py", line 56, in run
Will exit after finishing currently running jobs.
Exiting because a job execution failed. Look above for error message
Complete log: .snakemake/log/2021-03-02T235730.625254.snakemake.log
