Building DAG of jobs...
Provided cores: 1
Rules claiming more threads will be scaled down.
Job counts:
	count	jobs
	1	aggregate_hrdetect_components
	1	all
	15	combine_scores
	12	example_indels
	12	example_segments
	7	example_snvs
	7	example_sv
	15	hrd_scores
	1	hrdetect_component_paths
	1	hrdetect_output_table
	15	indel_annotation
	15	microhomology_calculation
	15	mutation_catalogs
	15	snv_signatures_signit_exposures
	15	snv_signatures_signit_summary
	15	sv_catalogs
	15	sv_signatures_signit_exposures
	15	sv_signatures_signit_summary
	192

rule example_snvs:
    input: examples/example/patient14/sample1/somatic_snvs.vcf
    output: data/example/patients/patient14/sample1/somatic_snvs.vcf
    jobid: 188
    wildcards: patient=patient14, sample=sample1

cp -f examples/example/patient14/sample1/somatic_snvs.vcf data/example/patients/patient14/sample1/somatic_snvs.vcf
Finished job 188.
1 of 192 steps (0.52%) done

rule example_snvs:
    input: examples/example/patient11/sample1/somatic_snvs.vcf
    output: data/example/patients/patient11/sample1/somatic_snvs.vcf
    jobid: 185
    wildcards: patient=patient11, sample=sample1

cp -f examples/example/patient11/sample1/somatic_snvs.vcf data/example/patients/patient11/sample1/somatic_snvs.vcf
Finished job 185.
2 of 192 steps (1%) done

rule example_snvs:
    input: examples/example/patient10/sample1/somatic_snvs.vcf
    output: data/example/patients/patient10/sample1/somatic_snvs.vcf
    jobid: 196
    wildcards: patient=patient10, sample=sample1

cp -f examples/example/patient10/sample1/somatic_snvs.vcf data/example/patients/patient10/sample1/somatic_snvs.vcf
Finished job 196.
3 of 192 steps (2%) done

rule example_snvs:
    input: examples/example/patient15/sample1/somatic_snvs.vcf
    output: data/example/patients/patient15/sample1/somatic_snvs.vcf
    jobid: 195
    wildcards: patient=patient15, sample=sample1

cp -f examples/example/patient15/sample1/somatic_snvs.vcf data/example/patients/patient15/sample1/somatic_snvs.vcf
Finished job 195.
4 of 192 steps (2%) done

rule example_snvs:
    input: examples/example/patient13/sample1/somatic_snvs.vcf
    output: data/example/patients/patient13/sample1/somatic_snvs.vcf
    jobid: 187
    wildcards: patient=patient13, sample=sample1

cp -f examples/example/patient13/sample1/somatic_snvs.vcf data/example/patients/patient13/sample1/somatic_snvs.vcf
Finished job 187.
5 of 192 steps (3%) done

rule example_snvs:
    input: examples/example/patient12/sample1/somatic_snvs.vcf
    output: data/example/patients/patient12/sample1/somatic_snvs.vcf
    jobid: 193
    wildcards: patient=patient12, sample=sample1

cp -f examples/example/patient12/sample1/somatic_snvs.vcf data/example/patients/patient12/sample1/somatic_snvs.vcf
Finished job 193.
6 of 192 steps (3%) done

rule example_snvs:
    input: examples/example/patient16/sample1/somatic_snvs.vcf
    output: data/example/patients/patient16/sample1/somatic_snvs.vcf
    jobid: 200
    wildcards: patient=patient16, sample=sample1

cp -f examples/example/patient16/sample1/somatic_snvs.vcf data/example/patients/patient16/sample1/somatic_snvs.vcf
Finished job 200.
7 of 192 steps (4%) done

rule example_sv:
    input: examples/example/patient16/sample1/somatic_sv.tsv
    output: data/example/patients/patient16/sample1/somatic_sv.tsv
    jobid: 201
    wildcards: patient=patient16, sample=sample1

cp -f examples/example/patient16/sample1/somatic_sv.tsv data/example/patients/patient16/sample1/somatic_sv.tsv
Finished job 201.
8 of 192 steps (4%) done

rule example_sv:
    input: examples/example/patient13/sample1/somatic_sv.tsv
    output: data/example/patients/patient13/sample1/somatic_sv.tsv
    jobid: 186
    wildcards: patient=patient13, sample=sample1

cp -f examples/example/patient13/sample1/somatic_sv.tsv data/example/patients/patient13/sample1/somatic_sv.tsv
Finished job 186.
9 of 192 steps (5%) done

rule example_sv:
    input: examples/example/patient10/sample1/somatic_sv.tsv
    output: data/example/patients/patient10/sample1/somatic_sv.tsv
    jobid: 197
    wildcards: patient=patient10, sample=sample1

cp -f examples/example/patient10/sample1/somatic_sv.tsv data/example/patients/patient10/sample1/somatic_sv.tsv
Finished job 197.
10 of 192 steps (5%) done

rule example_sv:
    input: examples/example/patient15/sample1/somatic_sv.tsv
    output: data/example/patients/patient15/sample1/somatic_sv.tsv
    jobid: 194
    wildcards: patient=patient15, sample=sample1

cp -f examples/example/patient15/sample1/somatic_sv.tsv data/example/patients/patient15/sample1/somatic_sv.tsv
Finished job 194.
11 of 192 steps (6%) done

rule example_sv:
    input: examples/example/patient12/sample1/somatic_sv.tsv
    output: data/example/patients/patient12/sample1/somatic_sv.tsv
    jobid: 192
    wildcards: patient=patient12, sample=sample1

cp -f examples/example/patient12/sample1/somatic_sv.tsv data/example/patients/patient12/sample1/somatic_sv.tsv
Finished job 192.
12 of 192 steps (6%) done

rule example_sv:
    input: examples/example/patient11/sample1/somatic_sv.tsv
    output: data/example/patients/patient11/sample1/somatic_sv.tsv
    jobid: 184
    wildcards: patient=patient11, sample=sample1

cp -f examples/example/patient11/sample1/somatic_sv.tsv data/example/patients/patient11/sample1/somatic_sv.tsv
Finished job 184.
13 of 192 steps (7%) done

rule example_sv:
    input: examples/example/patient14/sample1/somatic_sv.tsv
    output: data/example/patients/patient14/sample1/somatic_sv.tsv
    jobid: 189
    wildcards: patient=patient14, sample=sample1

cp -f examples/example/patient14/sample1/somatic_sv.tsv data/example/patients/patient14/sample1/somatic_sv.tsv
Finished job 189.
14 of 192 steps (7%) done

rule mutation_catalogs:
    input: data/example/patients/patient1/sample1/somatic_snvs.vcf
    output: output/example/patients/patient1/sample1/snv_signatures/mutation_catalog.tsv
    jobid: 181
    wildcards: project=example, patient=patient1, sample=sample1

Rscript scripts/signatures/get_mutation_catalog.R -v data/example/patients/patient1/sample1/somatic_snvs.vcf -c output/example/patients/patient1/sample1/snv_signatures/mutation_catalog.tsv --ref hg19
Finished job 181.
15 of 192 steps (8%) done

rule mutation_catalogs:
    input: data/example/patients/patient2/sample1/somatic_snvs.vcf
    output: output/example/patients/patient2/sample1/snv_signatures/mutation_catalog.tsv
    jobid: 167
    wildcards: project=example, patient=patient2, sample=sample1

Rscript scripts/signatures/get_mutation_catalog.R -v data/example/patients/patient2/sample1/somatic_snvs.vcf -c output/example/patients/patient2/sample1/snv_signatures/mutation_catalog.tsv --ref hg19
Finished job 167.
16 of 192 steps (8%) done

rule mutation_catalogs:
    input: data/example/patients/patient3/sample1/somatic_snvs.vcf
    output: output/example/patients/patient3/sample1/snv_signatures/mutation_catalog.tsv
    jobid: 175
    wildcards: project=example, patient=patient3, sample=sample1

Rscript scripts/signatures/get_mutation_catalog.R -v data/example/patients/patient3/sample1/somatic_snvs.vcf -c output/example/patients/patient3/sample1/snv_signatures/mutation_catalog.tsv --ref hg19
Finished job 175.
17 of 192 steps (9%) done

rule mutation_catalogs:
    input: data/example/patients/patient14/sample1/somatic_snvs.vcf
    output: output/example/patients/patient14/sample1/snv_signatures/mutation_catalog.tsv
    jobid: 145
    wildcards: project=example, patient=patient14, sample=sample1

Rscript scripts/signatures/get_mutation_catalog.R -v data/example/patients/patient14/sample1/somatic_snvs.vcf -c output/example/patients/patient14/sample1/snv_signatures/mutation_catalog.tsv --ref hg19
Error in rule mutation_catalogs:
    jobid: 145
    output: output/example/patients/patient14/sample1/snv_signatures/mutation_catalog.tsv

RuleException:
CalledProcessError in line 90 of /home/chris/hrdetect-pipeline/Snakefile:
Command ' set -euo pipefail;  Rscript scripts/signatures/get_mutation_catalog.R -v data/example/patients/patient14/sample1/somatic_snvs.vcf -c output/example/patients/patient14/sample1/snv_signatures/mutation_catalog.tsv --ref hg19 ' returned non-zero exit status 1.
  File "/home/chris/hrdetect-pipeline/Snakefile", line 90, in __rule_mutation_catalogs
  File "/mnt/data/bind_homes/chris/hrdetect-pipeline/dependencies/miniconda3/envs/dependencies/lib/python3.6/concurrent/futures/thread.py", line 56, in run
Will exit after finishing currently running jobs.
Exiting because a job execution failed. Look above for error message
Complete log: .snakemake/log/2021-02-25T163700.437100.snakemake.log
