Building DAG of jobs...
Provided cores: 1
Rules claiming more threads will be scaled down.
Job counts:
	count	jobs
	1	aggregate_hrdetect_components
	1	all
	3	combine_scores
	3	example_indels
	3	example_segments
	3	example_snvs
	3	example_sv
	3	hrd_scores
	1	hrdetect_component_paths
	1	hrdetect_output_table
	3	indel_annotation
	3	microhomology_calculation
	3	mutation_catalogs
	3	snv_signatures_signit_exposures
	3	snv_signatures_signit_summary
	3	sv_catalogs
	3	sv_signatures_signit_exposures
	3	sv_signatures_signit_summary
	46

rule example_snvs:
    input: examples/example/patient2/sample1/somatic_snvs.vcf
    output: data/example/patients/patient2/sample1/somatic_snvs.vcf
    jobid: 42
    wildcards: patient=patient2, sample=sample1

cp -f examples/example/patient2/sample1/somatic_snvs.vcf data/example/patients/patient2/sample1/somatic_snvs.vcf
Finished job 42.
1 of 46 steps (2%) done

rule example_snvs:
    input: examples/example/patient4/sample1/somatic_snvs.vcf
    output: data/example/patients/patient4/sample1/somatic_snvs.vcf
    jobid: 40
    wildcards: patient=patient4, sample=sample1

cp -f examples/example/patient4/sample1/somatic_snvs.vcf data/example/patients/patient4/sample1/somatic_snvs.vcf
Finished job 40.
2 of 46 steps (4%) done

rule example_snvs:
    input: examples/example/patient3/sample1/somatic_snvs.vcf
    output: data/example/patients/patient3/sample1/somatic_snvs.vcf
    jobid: 44
    wildcards: patient=patient3, sample=sample1

cp -f examples/example/patient3/sample1/somatic_snvs.vcf data/example/patients/patient3/sample1/somatic_snvs.vcf
Finished job 44.
3 of 46 steps (7%) done

rule example_sv:
    input: examples/example/patient4/sample1/somatic_sv.tsv
    output: data/example/patients/patient4/sample1/somatic_sv.tsv
    jobid: 41
    wildcards: patient=patient4, sample=sample1

cp -f examples/example/patient4/sample1/somatic_sv.tsv data/example/patients/patient4/sample1/somatic_sv.tsv
Finished job 41.
4 of 46 steps (9%) done

rule example_sv:
    input: examples/example/patient2/sample1/somatic_sv.tsv
    output: data/example/patients/patient2/sample1/somatic_sv.tsv
    jobid: 43
    wildcards: patient=patient2, sample=sample1

cp -f examples/example/patient2/sample1/somatic_sv.tsv data/example/patients/patient2/sample1/somatic_sv.tsv
Finished job 43.
5 of 46 steps (11%) done

rule example_sv:
    input: examples/example/patient3/sample1/somatic_sv.tsv
    output: data/example/patients/patient3/sample1/somatic_sv.tsv
    jobid: 45
    wildcards: patient=patient3, sample=sample1

cp -f examples/example/patient3/sample1/somatic_sv.tsv data/example/patients/patient3/sample1/somatic_sv.tsv
Finished job 45.
6 of 46 steps (13%) done

rule mutation_catalogs:
    input: data/example/patients/patient2/sample1/somatic_snvs.vcf
    output: output/example/patients/patient2/sample1/snv_signatures/mutation_catalog.tsv
    jobid: 34
    wildcards: project=example, patient=patient2, sample=sample1

Rscript scripts/signatures/get_mutation_catalog.R -v data/example/patients/patient2/sample1/somatic_snvs.vcf -c output/example/patients/patient2/sample1/snv_signatures/mutation_catalog.tsv --ref GRCh38
Finished job 34.
7 of 46 steps (15%) done

rule example_indels:
    input: examples/example/patient2/sample1/somatic_indels.vcf
    output: data/example/patients/patient2/sample1/somatic_indels.vcf
    jobid: 36
    wildcards: patient=patient2, sample=sample1

cp -f examples/example/patient2/sample1/somatic_indels.vcf data/example/patients/patient2/sample1/somatic_indels.vcf
Finished job 36.
8 of 46 steps (17%) done

rule mutation_catalogs:
    input: data/example/patients/patient4/sample1/somatic_snvs.vcf
    output: output/example/patients/patient4/sample1/snv_signatures/mutation_catalog.tsv
    jobid: 31
    wildcards: project=example, patient=patient4, sample=sample1

Rscript scripts/signatures/get_mutation_catalog.R -v data/example/patients/patient4/sample1/somatic_snvs.vcf -c output/example/patients/patient4/sample1/snv_signatures/mutation_catalog.tsv --ref GRCh38
Finished job 31.
9 of 46 steps (20%) done

rule mutation_catalogs:
    input: data/example/patients/patient3/sample1/somatic_snvs.vcf
    output: output/example/patients/patient3/sample1/snv_signatures/mutation_catalog.tsv
    jobid: 37
    wildcards: project=example, patient=patient3, sample=sample1

Rscript scripts/signatures/get_mutation_catalog.R -v data/example/patients/patient3/sample1/somatic_snvs.vcf -c output/example/patients/patient3/sample1/snv_signatures/mutation_catalog.tsv --ref GRCh38
Finished job 37.
10 of 46 steps (22%) done

rule example_indels:
    input: examples/example/patient4/sample1/somatic_indels.vcf
    output: data/example/patients/patient4/sample1/somatic_indels.vcf
    jobid: 32
    wildcards: patient=patient4, sample=sample1

cp -f examples/example/patient4/sample1/somatic_indels.vcf data/example/patients/patient4/sample1/somatic_indels.vcf
Finished job 32.
11 of 46 steps (24%) done

rule example_indels:
    input: examples/example/patient3/sample1/somatic_indels.vcf
    output: data/example/patients/patient3/sample1/somatic_indels.vcf
    jobid: 39
    wildcards: patient=patient3, sample=sample1

cp -f examples/example/patient3/sample1/somatic_indels.vcf data/example/patients/patient3/sample1/somatic_indels.vcf
Finished job 39.
12 of 46 steps (26%) done

rule sv_catalogs:
    input: data/example/patients/patient4/sample1/somatic_sv.tsv
    output: output/example/patients/patient4/sample1/sv_signatures/sv_catalog.tsv
    jobid: 33
    wildcards: project=example, patient=patient4, sample=sample1

Rscript scripts/sv/calculate_sv_catalog.R -i data/example/patients/patient4/sample1/somatic_sv.tsv -o output/example/patients/patient4/sample1/sv_signatures/sv_catalog.tsv
Finished job 33.
13 of 46 steps (28%) done

rule sv_catalogs:
    input: data/example/patients/patient2/sample1/somatic_sv.tsv
    output: output/example/patients/patient2/sample1/sv_signatures/sv_catalog.tsv
    jobid: 35
    wildcards: project=example, patient=patient2, sample=sample1

Rscript scripts/sv/calculate_sv_catalog.R -i data/example/patients/patient2/sample1/somatic_sv.tsv -o output/example/patients/patient2/sample1/sv_signatures/sv_catalog.tsv
Finished job 35.
14 of 46 steps (30%) done

rule sv_catalogs:
    input: data/example/patients/patient3/sample1/somatic_sv.tsv
    output: output/example/patients/patient3/sample1/sv_signatures/sv_catalog.tsv
    jobid: 38
    wildcards: project=example, patient=patient3, sample=sample1

Rscript scripts/sv/calculate_sv_catalog.R -i data/example/patients/patient3/sample1/somatic_sv.tsv -o output/example/patients/patient3/sample1/sv_signatures/sv_catalog.tsv
Finished job 38.
15 of 46 steps (33%) done

rule indel_annotation:
    input: data/example/patients/patient2/sample1/somatic_indels.vcf
    output: output/example/patients/patient2/sample1/indel_microhomology/indels_annotated.tsv
    jobid: 25
    wildcards: project=example, patient=patient2, sample=sample1

Rscript scripts/microhomology/flank_indels.R -v data/example/patients/patient2/sample1/somatic_indels.vcf -o output/example/patients/patient2/sample1/indel_microhomology/indels_annotated.tsv
Finished job 25.
16 of 46 steps (35%) done

rule indel_annotation:
    input: data/example/patients/patient4/sample1/somatic_indels.vcf
    output: output/example/patients/patient4/sample1/indel_microhomology/indels_annotated.tsv
    jobid: 20
    wildcards: project=example, patient=patient4, sample=sample1

Rscript scripts/microhomology/flank_indels.R -v data/example/patients/patient4/sample1/somatic_indels.vcf -o output/example/patients/patient4/sample1/indel_microhomology/indels_annotated.tsv
Finished job 20.
17 of 46 steps (37%) done

rule indel_annotation:
    input: data/example/patients/patient3/sample1/somatic_indels.vcf
    output: output/example/patients/patient3/sample1/indel_microhomology/indels_annotated.tsv
    jobid: 29
    wildcards: project=example, patient=patient3, sample=sample1

Rscript scripts/microhomology/flank_indels.R -v data/example/patients/patient3/sample1/somatic_indels.vcf -o output/example/patients/patient3/sample1/indel_microhomology/indels_annotated.tsv
Finished job 29.
18 of 46 steps (39%) done

rule example_segments:
    input: examples/example/patient4/sample1/segments.tsv
    output: data/example/patients/patient4/sample1/segments.tsv
    jobid: 22
    wildcards: patient=patient4, sample=sample1

Finished job 22.
19 of 46 steps (41%) done

rule example_segments:
    input: examples/example/patient2/sample1/segments.tsv
    output: data/example/patients/patient2/sample1/segments.tsv
    jobid: 26
    wildcards: patient=patient2, sample=sample1

Finished job 26.
20 of 46 steps (43%) done

rule example_segments:
    input: examples/example/patient3/sample1/segments.tsv
    output: data/example/patients/patient3/sample1/segments.tsv
    jobid: 30
    wildcards: patient=patient3, sample=sample1

Finished job 30.
21 of 46 steps (46%) done

rule snv_signatures_signit_exposures:
    input: output/example/patients/patient2/sample1/snv_signatures/mutation_catalog.tsv
    output: output/example/patients/patient2/sample1/snv_signatures/signit_output.Rds
    jobid: 23
    wildcards: project=example, patient=patient2, sample=sample1

Rscript scripts/signatures/signit_exposures.R -c output/example/patients/patient2/sample1/snv_signatures/mutation_catalog.tsv -o output/example/patients/patient2/sample1/snv_signatures/signit_output.Rds -s git/SignIT
Finished job 23.
22 of 46 steps (48%) done

rule snv_signatures_signit_exposures:
    input: output/example/patients/patient3/sample1/snv_signatures/mutation_catalog.tsv
    output: output/example/patients/patient3/sample1/snv_signatures/signit_output.Rds
    jobid: 27
    wildcards: project=example, patient=patient3, sample=sample1

Rscript scripts/signatures/signit_exposures.R -c output/example/patients/patient3/sample1/snv_signatures/mutation_catalog.tsv -o output/example/patients/patient3/sample1/snv_signatures/signit_output.Rds -s git/SignIT
Finished job 27.
23 of 46 steps (50%) done

rule snv_signatures_signit_exposures:
    input: output/example/patients/patient4/sample1/snv_signatures/mutation_catalog.tsv
    output: output/example/patients/patient4/sample1/snv_signatures/signit_output.Rds
    jobid: 19
    wildcards: project=example, patient=patient4, sample=sample1

Rscript scripts/signatures/signit_exposures.R -c output/example/patients/patient4/sample1/snv_signatures/mutation_catalog.tsv -o output/example/patients/patient4/sample1/snv_signatures/signit_output.Rds -s git/SignIT
Finished job 19.
24 of 46 steps (52%) done

rule sv_signatures_signit_exposures:
    input: output/example/patients/patient4/sample1/sv_signatures/sv_catalog.tsv
    output: output/example/patients/patient4/sample1/sv_signatures/sv_signit_output.Rds
    jobid: 21
    wildcards: project=example, patient=patient4, sample=sample1

Rscript scripts/signatures/signit_exposures.R -c output/example/patients/patient4/sample1/sv_signatures/sv_catalog.tsv -o output/example/patients/patient4/sample1/sv_signatures/sv_signit_output.Rds --reference nikzainal_sv_signatures -s git/SignIT
Finished job 21.
25 of 46 steps (54%) done

rule sv_signatures_signit_exposures:
    input: output/example/patients/patient3/sample1/sv_signatures/sv_catalog.tsv
    output: output/example/patients/patient3/sample1/sv_signatures/sv_signit_output.Rds
    jobid: 28
    wildcards: project=example, patient=patient3, sample=sample1

Rscript scripts/signatures/signit_exposures.R -c output/example/patients/patient3/sample1/sv_signatures/sv_catalog.tsv -o output/example/patients/patient3/sample1/sv_signatures/sv_signit_output.Rds --reference nikzainal_sv_signatures -s git/SignIT
Finished job 28.
26 of 46 steps (57%) done

rule sv_signatures_signit_exposures:
    input: output/example/patients/patient2/sample1/sv_signatures/sv_catalog.tsv
    output: output/example/patients/patient2/sample1/sv_signatures/sv_signit_output.Rds
    jobid: 24
    wildcards: project=example, patient=patient2, sample=sample1

Rscript scripts/signatures/signit_exposures.R -c output/example/patients/patient2/sample1/sv_signatures/sv_catalog.tsv -o output/example/patients/patient2/sample1/sv_signatures/sv_signit_output.Rds --reference nikzainal_sv_signatures -s git/SignIT
Finished job 24.
27 of 46 steps (59%) done

rule snv_signatures_signit_summary:
    input: output/example/patients/patient4/sample1/snv_signatures/signit_output.Rds
    output: output/example/patients/patient4/sample1/snv_signatures/signit_exposure_summary.tsv, output/example/patients/patient4/sample1/snv_signatures/signit_exposure_summary_fractions.tsv
    jobid: 7
    wildcards: project=example, patient=patient4, sample=sample1

Rscript scripts/signatures/signit_summary_table.R -i output/example/patients/patient4/sample1/snv_signatures/signit_output.Rds -o output/example/patients/patient4/sample1/snv_signatures/signit_exposure_summary.tsv --signit git/SignIT && Rscript scripts/signatures/signit_summary_table.R -i output/example/patients/patient4/sample1/snv_signatures/signit_output.Rds -o output/example/patients/patient4/sample1/snv_signatures/signit_exposure_summary_fractions.tsv --fraction --signit git/SignIT
Finished job 7.
28 of 46 steps (61%) done

rule snv_signatures_signit_summary:
    input: output/example/patients/patient3/sample1/snv_signatures/signit_output.Rds
    output: output/example/patients/patient3/sample1/snv_signatures/signit_exposure_summary.tsv, output/example/patients/patient3/sample1/snv_signatures/signit_exposure_summary_fractions.tsv
    jobid: 15
    wildcards: project=example, patient=patient3, sample=sample1

Rscript scripts/signatures/signit_summary_table.R -i output/example/patients/patient3/sample1/snv_signatures/signit_output.Rds -o output/example/patients/patient3/sample1/snv_signatures/signit_exposure_summary.tsv --signit git/SignIT && Rscript scripts/signatures/signit_summary_table.R -i output/example/patients/patient3/sample1/snv_signatures/signit_output.Rds -o output/example/patients/patient3/sample1/snv_signatures/signit_exposure_summary_fractions.tsv --fraction --signit git/SignIT
Finished job 15.
29 of 46 steps (63%) done

rule snv_signatures_signit_summary:
    input: output/example/patients/patient2/sample1/snv_signatures/signit_output.Rds
    output: output/example/patients/patient2/sample1/snv_signatures/signit_exposure_summary.tsv, output/example/patients/patient2/sample1/snv_signatures/signit_exposure_summary_fractions.tsv
    jobid: 11
    wildcards: project=example, patient=patient2, sample=sample1

Rscript scripts/signatures/signit_summary_table.R -i output/example/patients/patient2/sample1/snv_signatures/signit_output.Rds -o output/example/patients/patient2/sample1/snv_signatures/signit_exposure_summary.tsv --signit git/SignIT && Rscript scripts/signatures/signit_summary_table.R -i output/example/patients/patient2/sample1/snv_signatures/signit_output.Rds -o output/example/patients/patient2/sample1/snv_signatures/signit_exposure_summary_fractions.tsv --fraction --signit git/SignIT
Finished job 11.
30 of 46 steps (65%) done

rule sv_signatures_signit_summary:
    input: output/example/patients/patient3/sample1/sv_signatures/sv_signit_output.Rds
    output: output/example/patients/patient3/sample1/sv_signatures/sv_signit_exposure_summary.tsv, output/example/patients/patient3/sample1/sv_signatures/sv_signit_exposure_summary_fractions.tsv
    jobid: 16
    wildcards: project=example, patient=patient3, sample=sample1

Rscript scripts/signatures/signit_summary_table.R -i output/example/patients/patient3/sample1/sv_signatures/sv_signit_output.Rds -o output/example/patients/patient3/sample1/sv_signatures/sv_signit_exposure_summary.tsv --signit git/SignIT && Rscript scripts/signatures/signit_summary_table.R -i output/example/patients/patient3/sample1/sv_signatures/sv_signit_output.Rds -o output/example/patients/patient3/sample1/sv_signatures/sv_signit_exposure_summary_fractions.tsv --fraction --signit git/SignIT
Finished job 16.
31 of 46 steps (67%) done

rule sv_signatures_signit_summary:
    input: output/example/patients/patient2/sample1/sv_signatures/sv_signit_output.Rds
    output: output/example/patients/patient2/sample1/sv_signatures/sv_signit_exposure_summary.tsv, output/example/patients/patient2/sample1/sv_signatures/sv_signit_exposure_summary_fractions.tsv
    jobid: 12
    wildcards: project=example, patient=patient2, sample=sample1

Rscript scripts/signatures/signit_summary_table.R -i output/example/patients/patient2/sample1/sv_signatures/sv_signit_output.Rds -o output/example/patients/patient2/sample1/sv_signatures/sv_signit_exposure_summary.tsv --signit git/SignIT && Rscript scripts/signatures/signit_summary_table.R -i output/example/patients/patient2/sample1/sv_signatures/sv_signit_output.Rds -o output/example/patients/patient2/sample1/sv_signatures/sv_signit_exposure_summary_fractions.tsv --fraction --signit git/SignIT
Finished job 12.
32 of 46 steps (70%) done

rule sv_signatures_signit_summary:
    input: output/example/patients/patient4/sample1/sv_signatures/sv_signit_output.Rds
    output: output/example/patients/patient4/sample1/sv_signatures/sv_signit_exposure_summary.tsv, output/example/patients/patient4/sample1/sv_signatures/sv_signit_exposure_summary_fractions.tsv
    jobid: 9
    wildcards: project=example, patient=patient4, sample=sample1

Rscript scripts/signatures/signit_summary_table.R -i output/example/patients/patient4/sample1/sv_signatures/sv_signit_output.Rds -o output/example/patients/patient4/sample1/sv_signatures/sv_signit_exposure_summary.tsv --signit git/SignIT && Rscript scripts/signatures/signit_summary_table.R -i output/example/patients/patient4/sample1/sv_signatures/sv_signit_output.Rds -o output/example/patients/patient4/sample1/sv_signatures/sv_signit_exposure_summary_fractions.tsv --fraction --signit git/SignIT
Finished job 9.
33 of 46 steps (72%) done

rule microhomology_calculation:
    input: output/example/patients/patient2/sample1/indel_microhomology/indels_annotated.tsv
    output: output/example/patients/patient2/sample1/indel_microhomology/microhomology_scores.tsv
    jobid: 13
    wildcards: project=example, patient=patient2, sample=sample1

Rscript scripts/microhomology/compute_microhomology_scores.R -i output/example/patients/patient2/sample1/indel_microhomology/indels_annotated.tsv -o output/example/patients/patient2/sample1/indel_microhomology/microhomology_scores.tsv
Finished job 13.
34 of 46 steps (74%) done

rule microhomology_calculation:
    input: output/example/patients/patient4/sample1/indel_microhomology/indels_annotated.tsv
    output: output/example/patients/patient4/sample1/indel_microhomology/microhomology_scores.tsv
    jobid: 8
    wildcards: project=example, patient=patient4, sample=sample1

Rscript scripts/microhomology/compute_microhomology_scores.R -i output/example/patients/patient4/sample1/indel_microhomology/indels_annotated.tsv -o output/example/patients/patient4/sample1/indel_microhomology/microhomology_scores.tsv
Finished job 8.
35 of 46 steps (76%) done

rule microhomology_calculation:
    input: output/example/patients/patient3/sample1/indel_microhomology/indels_annotated.tsv
    output: output/example/patients/patient3/sample1/indel_microhomology/microhomology_scores.tsv
    jobid: 17
    wildcards: project=example, patient=patient3, sample=sample1

Rscript scripts/microhomology/compute_microhomology_scores.R -i output/example/patients/patient3/sample1/indel_microhomology/indels_annotated.tsv -o output/example/patients/patient3/sample1/indel_microhomology/microhomology_scores.tsv
Finished job 17.
36 of 46 steps (78%) done

rule hrd_scores:
    input: data/example/patients/patient4/sample1/segments.tsv
    output: output/example/patients/patient4/sample1/hrd_scores/hrd_score.tsv
    jobid: 10
    wildcards: project=example, patient=patient4, sample=sample1

Rscript scripts/hrdscore/run_test.R -l data/example/patients/patient4/sample1/segments.tsv -o output/example/patients/patient4/sample1/hrd_scores/hrd_score.tsv --genome hg38 --hrdtools=git/hrdtools
Finished job 10.
37 of 46 steps (80%) done

rule hrd_scores:
    input: data/example/patients/patient2/sample1/segments.tsv
    output: output/example/patients/patient2/sample1/hrd_scores/hrd_score.tsv
    jobid: 14
    wildcards: project=example, patient=patient2, sample=sample1

Rscript scripts/hrdscore/run_test.R -l data/example/patients/patient2/sample1/segments.tsv -o output/example/patients/patient2/sample1/hrd_scores/hrd_score.tsv --genome hg38 --hrdtools=git/hrdtools
Finished job 14.
38 of 46 steps (83%) done

rule hrd_scores:
    input: data/example/patients/patient3/sample1/segments.tsv
    output: output/example/patients/patient3/sample1/hrd_scores/hrd_score.tsv
    jobid: 18
    wildcards: project=example, patient=patient3, sample=sample1

Rscript scripts/hrdscore/run_test.R -l data/example/patients/patient3/sample1/segments.tsv -o output/example/patients/patient3/sample1/hrd_scores/hrd_score.tsv --genome hg38 --hrdtools=git/hrdtools
Finished job 18.
39 of 46 steps (85%) done

rule combine_scores:
    input: output/example/patients/patient2/sample1/sv_signatures/sv_signit_exposure_summary.tsv, output/example/patients/patient2/sample1/indel_microhomology/microhomology_scores.tsv, output/example/patients/patient2/sample1/snv_signatures/signit_exposure_summary.tsv, output/example/patients/patient2/sample1/hrd_scores/hrd_score.tsv
    output: output/example/patients/patient2/sample1/hrdetect_components.tsv
    jobid: 5
    wildcards: project=example, patient=patient2, sample=sample1

 Rscript scripts/hrdetect/aggregate_scores.R -p patient2 -s sample1 --hrd output/example/patients/patient2/sample1/hrd_scores/hrd_score.tsv --snv output/example/patients/patient2/sample1/snv_signatures/signit_exposure_summary.tsv --sv output/example/patients/patient2/sample1/sv_signatures/sv_signit_exposure_summary.tsv --mh output/example/patients/patient2/sample1/indel_microhomology/microhomology_scores.tsv --out output/example/patients/patient2/sample1/hrdetect_components.tsv 
Finished job 5.
40 of 46 steps (87%) done

rule combine_scores:
    input: output/example/patients/patient3/sample1/sv_signatures/sv_signit_exposure_summary.tsv, output/example/patients/patient3/sample1/indel_microhomology/microhomology_scores.tsv, output/example/patients/patient3/sample1/snv_signatures/signit_exposure_summary.tsv, output/example/patients/patient3/sample1/hrd_scores/hrd_score.tsv
    output: output/example/patients/patient3/sample1/hrdetect_components.tsv
    jobid: 6
    wildcards: project=example, patient=patient3, sample=sample1

 Rscript scripts/hrdetect/aggregate_scores.R -p patient3 -s sample1 --hrd output/example/patients/patient3/sample1/hrd_scores/hrd_score.tsv --snv output/example/patients/patient3/sample1/snv_signatures/signit_exposure_summary.tsv --sv output/example/patients/patient3/sample1/sv_signatures/sv_signit_exposure_summary.tsv --mh output/example/patients/patient3/sample1/indel_microhomology/microhomology_scores.tsv --out output/example/patients/patient3/sample1/hrdetect_components.tsv 
Finished job 6.
41 of 46 steps (89%) done

rule combine_scores:
    input: output/example/patients/patient4/sample1/sv_signatures/sv_signit_exposure_summary.tsv, output/example/patients/patient4/sample1/indel_microhomology/microhomology_scores.tsv, output/example/patients/patient4/sample1/snv_signatures/signit_exposure_summary.tsv, output/example/patients/patient4/sample1/hrd_scores/hrd_score.tsv
    output: output/example/patients/patient4/sample1/hrdetect_components.tsv
    jobid: 4
    wildcards: project=example, patient=patient4, sample=sample1

 Rscript scripts/hrdetect/aggregate_scores.R -p patient4 -s sample1 --hrd output/example/patients/patient4/sample1/hrd_scores/hrd_score.tsv --snv output/example/patients/patient4/sample1/snv_signatures/signit_exposure_summary.tsv --sv output/example/patients/patient4/sample1/sv_signatures/sv_signit_exposure_summary.tsv --mh output/example/patients/patient4/sample1/indel_microhomology/microhomology_scores.tsv --out output/example/patients/patient4/sample1/hrdetect_components.tsv 
Finished job 4.
42 of 46 steps (91%) done

rule hrdetect_component_paths:
    input: output/example/patients/patient2/sample1/hrdetect_components.tsv, output/example/patients/patient3/sample1/hrdetect_components.tsv, output/example/patients/patient4/sample1/hrdetect_components.tsv
    output: output/example/cohorts/all/hrdetect/hrdetect_input_table_paths.tsv
    jobid: 3
    wildcards: project=example, cohort=all

Finished job 3.
43 of 46 steps (93%) done

rule aggregate_hrdetect_components:
    input: output/example/cohorts/all/hrdetect/hrdetect_input_table_paths.tsv
    output: output/example/cohorts/all/hrdetect/hrdetect_input_table.tsv
    jobid: 2
    wildcards: project=example, cohort=all

Rscript scripts/basic-functions/row_bind_tables.R -i output/example/cohorts/all/hrdetect/hrdetect_input_table_paths.tsv -o output/example/cohorts/all/hrdetect/hrdetect_input_table.tsv
Finished job 2.
44 of 46 steps (96%) done

rule hrdetect_output_table:
    input: output/example/cohorts/all/hrdetect/hrdetect_input_table.tsv
    output: output/example/cohorts/all/hrdetect/hrdetect_output_table.tsv
    log: output/example/cohorts/all/hrdetect/hrdetect_output_table.tsv
    jobid: 1
    wildcards: project=example, cohort=all

Rscript scripts/hrdetect/compute_hrdetect.R -i output/example/cohorts/all/hrdetect/hrdetect_input_table.tsv -o output/example/cohorts/all/hrdetect/hrdetect_output_table.tsv
Finished job 1.
45 of 46 steps (98%) done

localrule all:
    input: output/example/cohorts/all/hrdetect/hrdetect_output_table.tsv
    jobid: 0

Finished job 0.
46 of 46 steps (100%) done
