Building DAG of jobs...
Provided cores: 1
Rules claiming more threads will be scaled down.
Job counts:
	count	jobs
	1	aggregate_hrdetect_components
	1	all
	46	combine_scores
	29	example_indels
	46	example_segments
	1	example_snvs
	1	example_sv
	46	hrd_scores
	1	hrdetect_component_paths
	1	hrdetect_output_table
	46	indel_annotation
	46	microhomology_calculation
	24	mutation_catalogs
	46	snv_signatures_signit_exposures
	46	snv_signatures_signit_summary
	46	sv_catalogs
	46	sv_signatures_signit_exposures
	46	sv_signatures_signit_summary
	519

rule example_snvs:
    input: examples/example/patient14/sample1/somatic_snvs.vcf
    output: data/example/patients/patient14/sample1/somatic_snvs.vcf
    jobid: 588
    wildcards: patient=patient14, sample=sample1

cp -f examples/example/patient14/sample1/somatic_snvs.vcf data/example/patients/patient14/sample1/somatic_snvs.vcf
Finished job 588.
1 of 519 steps (0.19%) done

rule example_sv:
    input: examples/example/patient14/sample1/somatic_sv.tsv
    output: data/example/patients/patient14/sample1/somatic_sv.tsv
    jobid: 589
    wildcards: patient=patient14, sample=sample1

cp -f examples/example/patient14/sample1/somatic_sv.tsv data/example/patients/patient14/sample1/somatic_sv.tsv
Finished job 589.
2 of 519 steps (0.39%) done

rule mutation_catalogs:
    input: data/example/patients/patient14/sample1/somatic_snvs.vcf
    output: output/example/patients/patient14/sample1/snv_signatures/mutation_catalog.tsv
    jobid: 466
    wildcards: project=example, patient=patient14, sample=sample1

Rscript scripts/signatures/get_mutation_catalog.R -v data/example/patients/patient14/sample1/somatic_snvs.vcf -c output/example/patients/patient14/sample1/snv_signatures/mutation_catalog.tsv --ref hg19
Finished job 466.
3 of 519 steps (0.58%) done

rule mutation_catalogs:
    input: data/example/patients/patient24/sample1/somatic_snvs.vcf
    output: output/example/patients/patient24/sample1/snv_signatures/mutation_catalog.tsv
    jobid: 508
    wildcards: project=example, patient=patient24, sample=sample1

Rscript scripts/signatures/get_mutation_catalog.R -v data/example/patients/patient24/sample1/somatic_snvs.vcf -c output/example/patients/patient24/sample1/snv_signatures/mutation_catalog.tsv --ref hg19
Finished job 508.
4 of 519 steps (0.77%) done

rule mutation_catalogs:
    input: data/example/patients/patient18/sample1/somatic_snvs.vcf
    output: output/example/patients/patient18/sample1/snv_signatures/mutation_catalog.tsv
    jobid: 449
    wildcards: project=example, patient=patient18, sample=sample1

Rscript scripts/signatures/get_mutation_catalog.R -v data/example/patients/patient18/sample1/somatic_snvs.vcf -c output/example/patients/patient18/sample1/snv_signatures/mutation_catalog.tsv --ref hg19
Finished job 449.
5 of 519 steps (0.96%) done

rule mutation_catalogs:
    input: data/example/patients/patient31/sample1/somatic_snvs.vcf
    output: output/example/patients/patient31/sample1/snv_signatures/mutation_catalog.tsv
    jobid: 433
    wildcards: project=example, patient=patient31, sample=sample1

Rscript scripts/signatures/get_mutation_catalog.R -v data/example/patients/patient31/sample1/somatic_snvs.vcf -c output/example/patients/patient31/sample1/snv_signatures/mutation_catalog.tsv --ref hg19
Finished job 433.
6 of 519 steps (1%) done

rule mutation_catalogs:
    input: data/example/patients/patient40/sample1/somatic_snvs.vcf
    output: output/example/patients/patient40/sample1/snv_signatures/mutation_catalog.tsv
    jobid: 436
    wildcards: project=example, patient=patient40, sample=sample1

Rscript scripts/signatures/get_mutation_catalog.R -v data/example/patients/patient40/sample1/somatic_snvs.vcf -c output/example/patients/patient40/sample1/snv_signatures/mutation_catalog.tsv --ref hg19
Finished job 436.
7 of 519 steps (1%) done

rule mutation_catalogs:
    input: data/example/patients/patient23/sample1/somatic_snvs.vcf
    output: output/example/patients/patient23/sample1/snv_signatures/mutation_catalog.tsv
    jobid: 419
    wildcards: project=example, patient=patient23, sample=sample1

Rscript scripts/signatures/get_mutation_catalog.R -v data/example/patients/patient23/sample1/somatic_snvs.vcf -c output/example/patients/patient23/sample1/snv_signatures/mutation_catalog.tsv --ref hg19
Finished job 419.
8 of 519 steps (2%) done

rule example_indels:
    input: examples/example/patient19/sample1/somatic_indels.vcf
    output: data/example/patients/patient19/sample1/somatic_indels.vcf
    jobid: 551
    wildcards: patient=patient19, sample=sample1

cp -f examples/example/patient19/sample1/somatic_indels.vcf data/example/patients/patient19/sample1/somatic_indels.vcf
Finished job 551.
9 of 519 steps (2%) done

rule example_indels:
    input: examples/example/patient35/sample1/somatic_indels.vcf
    output: data/example/patients/patient35/sample1/somatic_indels.vcf
    jobid: 544
    wildcards: patient=patient35, sample=sample1

cp -f examples/example/patient35/sample1/somatic_indels.vcf data/example/patients/patient35/sample1/somatic_indels.vcf
Finished job 544.
10 of 519 steps (2%) done

rule mutation_catalogs:
    input: data/example/patients/patient11/sample1/somatic_snvs.vcf
    output: output/example/patients/patient11/sample1/snv_signatures/mutation_catalog.tsv
    jobid: 456
    wildcards: project=example, patient=patient11, sample=sample1

Rscript scripts/signatures/get_mutation_catalog.R -v data/example/patients/patient11/sample1/somatic_snvs.vcf -c output/example/patients/patient11/sample1/snv_signatures/mutation_catalog.tsv --ref hg19
Finished job 456.
11 of 519 steps (2%) done

rule mutation_catalogs:
    input: data/example/patients/patient46/sample1/somatic_snvs.vcf
    output: output/example/patients/patient46/sample1/snv_signatures/mutation_catalog.tsv
    jobid: 518
    wildcards: project=example, patient=patient46, sample=sample1

Rscript scripts/signatures/get_mutation_catalog.R -v data/example/patients/patient46/sample1/somatic_snvs.vcf -c output/example/patients/patient46/sample1/snv_signatures/mutation_catalog.tsv --ref hg19
Finished job 518.
12 of 519 steps (2%) done

rule mutation_catalogs:
    input: data/example/patients/patient21/sample1/somatic_snvs.vcf
    output: output/example/patients/patient21/sample1/snv_signatures/mutation_catalog.tsv
    jobid: 533
    wildcards: project=example, patient=patient21, sample=sample1

Rscript scripts/signatures/get_mutation_catalog.R -v data/example/patients/patient21/sample1/somatic_snvs.vcf -c output/example/patients/patient21/sample1/snv_signatures/mutation_catalog.tsv --ref hg19
Finished job 533.
13 of 519 steps (3%) done

rule example_indels:
    input: examples/example/patient22/sample1/somatic_indels.vcf
    output: data/example/patients/patient22/sample1/somatic_indels.vcf
    jobid: 549
    wildcards: patient=patient22, sample=sample1

cp -f examples/example/patient22/sample1/somatic_indels.vcf data/example/patients/patient22/sample1/somatic_indels.vcf
Finished job 549.
14 of 519 steps (3%) done

rule example_indels:
    input: examples/example/patient18/sample1/somatic_indels.vcf
    output: data/example/patients/patient18/sample1/somatic_indels.vcf
    jobid: 450
    wildcards: patient=patient18, sample=sample1

cp -f examples/example/patient18/sample1/somatic_indels.vcf data/example/patients/patient18/sample1/somatic_indels.vcf
Finished job 450.
15 of 519 steps (3%) done

rule mutation_catalogs:
    input: data/example/patients/patient28/sample1/somatic_snvs.vcf
    output: output/example/patients/patient28/sample1/snv_signatures/mutation_catalog.tsv
    jobid: 470
    wildcards: project=example, patient=patient28, sample=sample1

Rscript scripts/signatures/get_mutation_catalog.R -v data/example/patients/patient28/sample1/somatic_snvs.vcf -c output/example/patients/patient28/sample1/snv_signatures/mutation_catalog.tsv --ref hg19
Finished job 470.
16 of 519 steps (3%) done

rule example_indels:
    input: examples/example/patient31/sample1/somatic_indels.vcf
    output: data/example/patients/patient31/sample1/somatic_indels.vcf
    jobid: 435
    wildcards: patient=patient31, sample=sample1

cp -f examples/example/patient31/sample1/somatic_indels.vcf data/example/patients/patient31/sample1/somatic_indels.vcf
Finished job 435.
17 of 519 steps (3%) done

rule example_indels:
    input: examples/example/patient40/sample1/somatic_indels.vcf
    output: data/example/patients/patient40/sample1/somatic_indels.vcf
    jobid: 438
    wildcards: patient=patient40, sample=sample1

cp -f examples/example/patient40/sample1/somatic_indels.vcf data/example/patients/patient40/sample1/somatic_indels.vcf
Finished job 438.
18 of 519 steps (3%) done

rule example_indels:
    input: examples/example/patient46/sample1/somatic_indels.vcf
    output: data/example/patients/patient46/sample1/somatic_indels.vcf
    jobid: 517
    wildcards: patient=patient46, sample=sample1

cp -f examples/example/patient46/sample1/somatic_indels.vcf data/example/patients/patient46/sample1/somatic_indels.vcf
Finished job 517.
19 of 519 steps (4%) done

rule example_indels:
    input: examples/example/patient29/sample1/somatic_indels.vcf
    output: data/example/patients/patient29/sample1/somatic_indels.vcf
    jobid: 511
    wildcards: patient=patient29, sample=sample1

cp -f examples/example/patient29/sample1/somatic_indels.vcf data/example/patients/patient29/sample1/somatic_indels.vcf
Finished job 511.
20 of 519 steps (4%) done

rule mutation_catalogs:
    input: data/example/patients/patient8/sample1/somatic_snvs.vcf
    output: output/example/patients/patient8/sample1/snv_signatures/mutation_catalog.tsv
    jobid: 492
    wildcards: project=example, patient=patient8, sample=sample1

Rscript scripts/signatures/get_mutation_catalog.R -v data/example/patients/patient8/sample1/somatic_snvs.vcf -c output/example/patients/patient8/sample1/snv_signatures/mutation_catalog.tsv --ref hg19
Error in rule mutation_catalogs:
    jobid: 492
    output: output/example/patients/patient8/sample1/snv_signatures/mutation_catalog.tsv

RuleException:
CalledProcessError in line 90 of /home/chris/hrdetect-pipeline/Snakefile:
Command ' set -euo pipefail;  Rscript scripts/signatures/get_mutation_catalog.R -v data/example/patients/patient8/sample1/somatic_snvs.vcf -c output/example/patients/patient8/sample1/snv_signatures/mutation_catalog.tsv --ref hg19 ' returned non-zero exit status 1.
  File "/home/chris/hrdetect-pipeline/Snakefile", line 90, in __rule_mutation_catalogs
  File "/mnt/data/bind_homes/chris/hrdetect-pipeline/dependencies/miniconda3/envs/dependencies/lib/python3.6/concurrent/futures/thread.py", line 56, in run
Will exit after finishing currently running jobs.
Exiting because a job execution failed. Look above for error message
Complete log: .snakemake/log/2021-03-02T234456.729535.snakemake.log
