Building DAG of jobs...
Provided cores: 1
Rules claiming more threads will be scaled down.
Job counts:
	count	jobs
	1	aggregate_hrdetect_components
	1	all
	4	combine_scores
	4	example_indels
	4	example_segments
	4	example_snvs
	4	example_sv
	4	hrd_scores
	1	hrdetect_component_paths
	1	hrdetect_output_table
	4	indel_annotation
	4	microhomology_calculation
	4	mutation_catalogs
	4	snv_signatures_signit_exposures
	4	snv_signatures_signit_summary
	4	sv_catalogs
	4	sv_signatures_signit_exposures
	4	sv_signatures_signit_summary
	60

rule example_snvs:
    input: examples/example/patient2/sample1/somatic_snvs.vcf
    output: data/example/patients/patient2/sample1/somatic_snvs.vcf
    jobid: 58
    wildcards: patient=patient2, sample=sample1

cp -f examples/example/patient2/sample1/somatic_snvs.vcf data/example/patients/patient2/sample1/somatic_snvs.vcf
Finished job 58.
1 of 60 steps (2%) done

rule example_snvs:
    input: examples/example/patient1/sample1/somatic_snvs.vcf
    output: data/example/patients/patient1/sample1/somatic_snvs.vcf
    jobid: 54
    wildcards: patient=patient1, sample=sample1

cp -f examples/example/patient1/sample1/somatic_snvs.vcf data/example/patients/patient1/sample1/somatic_snvs.vcf
Finished job 54.
2 of 60 steps (3%) done

rule example_snvs:
    input: examples/example/patient5/sample1/somatic_snvs.vcf
    output: data/example/patients/patient5/sample1/somatic_snvs.vcf
    jobid: 57
    wildcards: patient=patient5, sample=sample1

cp -f examples/example/patient5/sample1/somatic_snvs.vcf data/example/patients/patient5/sample1/somatic_snvs.vcf
Finished job 57.
3 of 60 steps (5%) done

rule example_snvs:
    input: examples/example/patient3/sample1/somatic_snvs.vcf
    output: data/example/patients/patient3/sample1/somatic_snvs.vcf
    jobid: 52
    wildcards: patient=patient3, sample=sample1

cp -f examples/example/patient3/sample1/somatic_snvs.vcf data/example/patients/patient3/sample1/somatic_snvs.vcf
Finished job 52.
4 of 60 steps (7%) done

rule example_sv:
    input: examples/example/patient2/sample1/somatic_sv.tsv
    output: data/example/patients/patient2/sample1/somatic_sv.tsv
    jobid: 59
    wildcards: patient=patient2, sample=sample1

cp -f examples/example/patient2/sample1/somatic_sv.tsv data/example/patients/patient2/sample1/somatic_sv.tsv
Finished job 59.
5 of 60 steps (8%) done

rule example_sv:
    input: examples/example/patient3/sample1/somatic_sv.tsv
    output: data/example/patients/patient3/sample1/somatic_sv.tsv
    jobid: 53
    wildcards: patient=patient3, sample=sample1

cp -f examples/example/patient3/sample1/somatic_sv.tsv data/example/patients/patient3/sample1/somatic_sv.tsv
Finished job 53.
6 of 60 steps (10%) done

rule example_sv:
    input: examples/example/patient5/sample1/somatic_sv.tsv
    output: data/example/patients/patient5/sample1/somatic_sv.tsv
    jobid: 56
    wildcards: patient=patient5, sample=sample1

cp -f examples/example/patient5/sample1/somatic_sv.tsv data/example/patients/patient5/sample1/somatic_sv.tsv
Finished job 56.
7 of 60 steps (12%) done

rule example_sv:
    input: examples/example/patient1/sample1/somatic_sv.tsv
    output: data/example/patients/patient1/sample1/somatic_sv.tsv
    jobid: 55
    wildcards: patient=patient1, sample=sample1

cp -f examples/example/patient1/sample1/somatic_sv.tsv data/example/patients/patient1/sample1/somatic_sv.tsv
Finished job 55.
8 of 60 steps (13%) done

rule mutation_catalogs:
    input: data/example/patients/patient2/sample1/somatic_snvs.vcf
    output: output/example/patients/patient2/sample1/snv_signatures/mutation_catalog.tsv
    jobid: 50
    wildcards: project=example, patient=patient2, sample=sample1

Rscript scripts/signatures/get_mutation_catalog.R -v data/example/patients/patient2/sample1/somatic_snvs.vcf -c output/example/patients/patient2/sample1/snv_signatures/mutation_catalog.tsv --ref hg38
Error in rule mutation_catalogs:
    jobid: 50
    output: output/example/patients/patient2/sample1/snv_signatures/mutation_catalog.tsv

RuleException:
CalledProcessError in line 90 of /home/chris/hrdetect-pipeline/Snakefile:
Command ' set -euo pipefail;  Rscript scripts/signatures/get_mutation_catalog.R -v data/example/patients/patient2/sample1/somatic_snvs.vcf -c output/example/patients/patient2/sample1/snv_signatures/mutation_catalog.tsv --ref hg38 ' returned non-zero exit status 1.
  File "/home/chris/hrdetect-pipeline/Snakefile", line 90, in __rule_mutation_catalogs
  File "/mnt/data/bind_homes/chris/hrdetect-pipeline/dependencies/miniconda3/envs/dependencies/lib/python3.6/concurrent/futures/thread.py", line 56, in run
Will exit after finishing currently running jobs.
Exiting because a job execution failed. Look above for error message
Complete log: .snakemake/log/2021-02-25T194105.196049.snakemake.log
