Building DAG of jobs...
Provided cores: 1
Rules claiming more threads will be scaled down.
Job counts:
	count	jobs
	1	aggregate_hrdetect_components
	1	all
	8	combine_scores
	5	example_indels
	5	example_segments
	5	example_snvs
	5	example_sv
	8	hrd_scores
	1	hrdetect_component_paths
	1	hrdetect_output_table
	8	indel_annotation
	8	microhomology_calculation
	8	mutation_catalogs
	8	snv_signatures_signit_exposures
	8	snv_signatures_signit_summary
	8	sv_catalogs
	8	sv_signatures_signit_exposures
	8	sv_signatures_signit_summary
	104

rule example_snvs:
    input: examples/example/patient8/sample1/somatic_snvs.vcf
    output: data/example/patients/patient8/sample1/somatic_snvs.vcf
    jobid: 111
    wildcards: patient=patient8, sample=sample1

cp -f examples/example/patient8/sample1/somatic_snvs.vcf data/example/patients/patient8/sample1/somatic_snvs.vcf
Finished job 111.
1 of 104 steps (0.96%) done

rule example_snvs:
    input: examples/example/patient9/sample1/somatic_snvs.vcf
    output: data/example/patients/patient9/sample1/somatic_snvs.vcf
    jobid: 109
    wildcards: patient=patient9, sample=sample1

cp -f examples/example/patient9/sample1/somatic_snvs.vcf data/example/patients/patient9/sample1/somatic_snvs.vcf
Finished job 109.
2 of 104 steps (2%) done

rule example_snvs:
    input: examples/example/patient7/sample1/somatic_snvs.vcf
    output: data/example/patients/patient7/sample1/somatic_snvs.vcf
    jobid: 112
    wildcards: patient=patient7, sample=sample1

cp -f examples/example/patient7/sample1/somatic_snvs.vcf data/example/patients/patient7/sample1/somatic_snvs.vcf
Finished job 112.
3 of 104 steps (3%) done

rule example_snvs:
    input: examples/example/patient5/sample1/somatic_snvs.vcf
    output: data/example/patients/patient5/sample1/somatic_snvs.vcf
    jobid: 104
    wildcards: patient=patient5, sample=sample1

cp -f examples/example/patient5/sample1/somatic_snvs.vcf data/example/patients/patient5/sample1/somatic_snvs.vcf
Finished job 104.
4 of 104 steps (4%) done

rule example_snvs:
    input: examples/example/patient6/sample1/somatic_snvs.vcf
    output: data/example/patients/patient6/sample1/somatic_snvs.vcf
    jobid: 114
    wildcards: patient=patient6, sample=sample1

cp -f examples/example/patient6/sample1/somatic_snvs.vcf data/example/patients/patient6/sample1/somatic_snvs.vcf
Finished job 114.
5 of 104 steps (5%) done

rule example_sv:
    input: examples/example/patient6/sample1/somatic_sv.tsv
    output: data/example/patients/patient6/sample1/somatic_sv.tsv
    jobid: 115
    wildcards: patient=patient6, sample=sample1

cp -f examples/example/patient6/sample1/somatic_sv.tsv data/example/patients/patient6/sample1/somatic_sv.tsv
Finished job 115.
6 of 104 steps (6%) done

rule example_sv:
    input: examples/example/patient7/sample1/somatic_sv.tsv
    output: data/example/patients/patient7/sample1/somatic_sv.tsv
    jobid: 113
    wildcards: patient=patient7, sample=sample1

cp -f examples/example/patient7/sample1/somatic_sv.tsv data/example/patients/patient7/sample1/somatic_sv.tsv
Finished job 113.
7 of 104 steps (7%) done

rule example_sv:
    input: examples/example/patient9/sample1/somatic_sv.tsv
    output: data/example/patients/patient9/sample1/somatic_sv.tsv
    jobid: 108
    wildcards: patient=patient9, sample=sample1

cp -f examples/example/patient9/sample1/somatic_sv.tsv data/example/patients/patient9/sample1/somatic_sv.tsv
Finished job 108.
8 of 104 steps (8%) done

rule example_sv:
    input: examples/example/patient5/sample1/somatic_sv.tsv
    output: data/example/patients/patient5/sample1/somatic_sv.tsv
    jobid: 105
    wildcards: patient=patient5, sample=sample1

cp -f examples/example/patient5/sample1/somatic_sv.tsv data/example/patients/patient5/sample1/somatic_sv.tsv
Finished job 105.
9 of 104 steps (9%) done

rule example_sv:
    input: examples/example/patient8/sample1/somatic_sv.tsv
    output: data/example/patients/patient8/sample1/somatic_sv.tsv
    jobid: 110
    wildcards: patient=patient8, sample=sample1

cp -f examples/example/patient8/sample1/somatic_sv.tsv data/example/patients/patient8/sample1/somatic_sv.tsv
Finished job 110.
10 of 104 steps (10%) done

rule mutation_catalogs:
    input: data/example/patients/patient1/sample1/somatic_snvs.vcf
    output: output/example/patients/patient1/sample1/snv_signatures/mutation_catalog.tsv
    jobid: 77
    wildcards: project=example, patient=patient1, sample=sample1

Rscript scripts/signatures/get_mutation_catalog.R -v data/example/patients/patient1/sample1/somatic_snvs.vcf -c output/example/patients/patient1/sample1/snv_signatures/mutation_catalog.tsv --ref hg19
Finished job 77.
11 of 104 steps (11%) done

rule mutation_catalogs:
    input: data/example/patients/patient2/sample1/somatic_snvs.vcf
    output: output/example/patients/patient2/sample1/snv_signatures/mutation_catalog.tsv
    jobid: 85
    wildcards: project=example, patient=patient2, sample=sample1

Rscript scripts/signatures/get_mutation_catalog.R -v data/example/patients/patient2/sample1/somatic_snvs.vcf -c output/example/patients/patient2/sample1/snv_signatures/mutation_catalog.tsv --ref hg19
Finished job 85.
12 of 104 steps (12%) done

rule mutation_catalogs:
    input: data/example/patients/patient3/sample1/somatic_snvs.vcf
    output: output/example/patients/patient3/sample1/snv_signatures/mutation_catalog.tsv
    jobid: 81
    wildcards: project=example, patient=patient3, sample=sample1

Rscript scripts/signatures/get_mutation_catalog.R -v data/example/patients/patient3/sample1/somatic_snvs.vcf -c output/example/patients/patient3/sample1/snv_signatures/mutation_catalog.tsv --ref hg19
Finished job 81.
13 of 104 steps (12%) done

rule mutation_catalogs:
    input: data/example/patients/patient8/sample1/somatic_snvs.vcf
    output: output/example/patients/patient8/sample1/snv_signatures/mutation_catalog.tsv
    jobid: 92
    wildcards: project=example, patient=patient8, sample=sample1

Rscript scripts/signatures/get_mutation_catalog.R -v data/example/patients/patient8/sample1/somatic_snvs.vcf -c output/example/patients/patient8/sample1/snv_signatures/mutation_catalog.tsv --ref hg19
Error in rule mutation_catalogs:
    jobid: 92
    output: output/example/patients/patient8/sample1/snv_signatures/mutation_catalog.tsv

RuleException:
CalledProcessError in line 90 of /home/chris/hrdetect-pipeline/Snakefile:
Command ' set -euo pipefail;  Rscript scripts/signatures/get_mutation_catalog.R -v data/example/patients/patient8/sample1/somatic_snvs.vcf -c output/example/patients/patient8/sample1/snv_signatures/mutation_catalog.tsv --ref hg19 ' returned non-zero exit status 1.
  File "/home/chris/hrdetect-pipeline/Snakefile", line 90, in __rule_mutation_catalogs
  File "/mnt/data/bind_homes/chris/hrdetect-pipeline/dependencies/miniconda3/envs/dependencies/lib/python3.6/concurrent/futures/thread.py", line 56, in run
Will exit after finishing currently running jobs.
Exiting because a job execution failed. Look above for error message
Complete log: .snakemake/log/2021-02-25T150752.544587.snakemake.log
