Building DAG of jobs...
Provided cores: 1
Rules claiming more threads will be scaled down.
Job counts:
	count	jobs
	1	aggregate_hrdetect_components
	1	all
	2	combine_scores
	2	hrd_scores
	1	hrdetect_component_paths
	1	hrdetect_output_table
	2	indel_annotation
	2	microhomology_calculation
	2	mutation_catalogs
	2	snv_signatures_signit_exposures
	2	snv_signatures_signit_summary
	2	sv_catalogs
	2	sv_signatures_signit_exposures
	2	sv_signatures_signit_summary
	24

rule mutation_catalogs:
    input: data/example/patients/patient1/sample1/somatic_snvs.vcf
    output: output/example/patients/patient1/sample1/snv_signatures/mutation_catalog.tsv
    jobid: 23
    wildcards: project=example, patient=patient1, sample=sample1

Rscript scripts/signatures/get_mutation_catalog.R -v data/example/patients/patient1/sample1/somatic_snvs.vcf -c output/example/patients/patient1/sample1/snv_signatures/mutation_catalog.tsv --ref hg19
Finished job 23.
1 of 24 steps (4%) done

rule mutation_catalogs:
    input: data/example/patients/patient3/sample1/somatic_snvs.vcf
    output: output/example/patients/patient3/sample1/snv_signatures/mutation_catalog.tsv
    jobid: 26
    wildcards: project=example, patient=patient3, sample=sample1

Rscript scripts/signatures/get_mutation_catalog.R -v data/example/patients/patient3/sample1/somatic_snvs.vcf -c output/example/patients/patient3/sample1/snv_signatures/mutation_catalog.tsv --ref hg19
Finished job 26.
2 of 24 steps (8%) done

rule sv_catalogs:
    input: data/example/patients/patient1/sample1/somatic_sv.tsv
    output: output/example/patients/patient1/sample1/sv_signatures/sv_catalog.tsv
    jobid: 24
    wildcards: project=example, patient=patient1, sample=sample1

Rscript scripts/sv/calculate_sv_catalog.R -i data/example/patients/patient1/sample1/somatic_sv.tsv -o output/example/patients/patient1/sample1/sv_signatures/sv_catalog.tsv
Finished job 24.
3 of 24 steps (12%) done

rule sv_catalogs:
    input: data/example/patients/patient3/sample1/somatic_sv.tsv
    output: output/example/patients/patient3/sample1/sv_signatures/sv_catalog.tsv
    jobid: 27
    wildcards: project=example, patient=patient3, sample=sample1

Rscript scripts/sv/calculate_sv_catalog.R -i data/example/patients/patient3/sample1/somatic_sv.tsv -o output/example/patients/patient3/sample1/sv_signatures/sv_catalog.tsv
Finished job 27.
4 of 24 steps (17%) done

rule indel_annotation:
    input: data/example/patients/patient1/sample1/somatic_indels.vcf
    output: output/example/patients/patient1/sample1/indel_microhomology/indels_annotated.tsv
    jobid: 15
    wildcards: project=example, patient=patient1, sample=sample1

Rscript scripts/microhomology/flank_indels.R -v data/example/patients/patient1/sample1/somatic_indels.vcf -o output/example/patients/patient1/sample1/indel_microhomology/indels_annotated.tsv
Finished job 15.
5 of 24 steps (21%) done

rule indel_annotation:
    input: data/example/patients/patient3/sample1/somatic_indels.vcf
    output: output/example/patients/patient3/sample1/indel_microhomology/indels_annotated.tsv
    jobid: 19
    wildcards: project=example, patient=patient3, sample=sample1

Rscript scripts/microhomology/flank_indels.R -v data/example/patients/patient3/sample1/somatic_indels.vcf -o output/example/patients/patient3/sample1/indel_microhomology/indels_annotated.tsv
Finished job 19.
6 of 24 steps (25%) done

rule snv_signatures_signit_exposures:
    input: output/example/patients/patient1/sample1/snv_signatures/mutation_catalog.tsv
    output: output/example/patients/patient1/sample1/snv_signatures/signit_output.Rds
    jobid: 16
    wildcards: project=example, patient=patient1, sample=sample1

Rscript scripts/signatures/signit_exposures.R -c output/example/patients/patient1/sample1/snv_signatures/mutation_catalog.tsv -o output/example/patients/patient1/sample1/snv_signatures/signit_output.Rds -s git/SignIT
Finished job 16.
7 of 24 steps (29%) done

rule snv_signatures_signit_exposures:
    input: output/example/patients/patient3/sample1/snv_signatures/mutation_catalog.tsv
    output: output/example/patients/patient3/sample1/snv_signatures/signit_output.Rds
    jobid: 20
    wildcards: project=example, patient=patient3, sample=sample1

Rscript scripts/signatures/signit_exposures.R -c output/example/patients/patient3/sample1/snv_signatures/mutation_catalog.tsv -o output/example/patients/patient3/sample1/snv_signatures/signit_output.Rds -s git/SignIT
Finished job 20.
8 of 24 steps (33%) done

rule sv_signatures_signit_exposures:
    input: output/example/patients/patient1/sample1/sv_signatures/sv_catalog.tsv
    output: output/example/patients/patient1/sample1/sv_signatures/sv_signit_output.Rds
    jobid: 17
    wildcards: project=example, patient=patient1, sample=sample1

Rscript scripts/signatures/signit_exposures.R -c output/example/patients/patient1/sample1/sv_signatures/sv_catalog.tsv -o output/example/patients/patient1/sample1/sv_signatures/sv_signit_output.Rds --reference nikzainal_sv_signatures -s git/SignIT
Finished job 17.
9 of 24 steps (38%) done

rule sv_signatures_signit_exposures:
    input: output/example/patients/patient3/sample1/sv_signatures/sv_catalog.tsv
    output: output/example/patients/patient3/sample1/sv_signatures/sv_signit_output.Rds
    jobid: 21
    wildcards: project=example, patient=patient3, sample=sample1

Rscript scripts/signatures/signit_exposures.R -c output/example/patients/patient3/sample1/sv_signatures/sv_catalog.tsv -o output/example/patients/patient3/sample1/sv_signatures/sv_signit_output.Rds --reference nikzainal_sv_signatures -s git/SignIT
Finished job 21.
10 of 24 steps (42%) done

rule snv_signatures_signit_summary:
    input: output/example/patients/patient3/sample1/snv_signatures/signit_output.Rds
    output: output/example/patients/patient3/sample1/snv_signatures/signit_exposure_summary.tsv, output/example/patients/patient3/sample1/snv_signatures/signit_exposure_summary_fractions.tsv
    jobid: 12
    wildcards: project=example, patient=patient3, sample=sample1

Rscript scripts/signatures/signit_summary_table.R -i output/example/patients/patient3/sample1/snv_signatures/signit_output.Rds -o output/example/patients/patient3/sample1/snv_signatures/signit_exposure_summary.tsv --signit git/SignIT && Rscript scripts/signatures/signit_summary_table.R -i output/example/patients/patient3/sample1/snv_signatures/signit_output.Rds -o output/example/patients/patient3/sample1/snv_signatures/signit_exposure_summary_fractions.tsv --fraction --signit git/SignIT
Finished job 12.
11 of 24 steps (46%) done

rule snv_signatures_signit_summary:
    input: output/example/patients/patient1/sample1/snv_signatures/signit_output.Rds
    output: output/example/patients/patient1/sample1/snv_signatures/signit_exposure_summary.tsv, output/example/patients/patient1/sample1/snv_signatures/signit_exposure_summary_fractions.tsv
    jobid: 8
    wildcards: project=example, patient=patient1, sample=sample1

Rscript scripts/signatures/signit_summary_table.R -i output/example/patients/patient1/sample1/snv_signatures/signit_output.Rds -o output/example/patients/patient1/sample1/snv_signatures/signit_exposure_summary.tsv --signit git/SignIT && Rscript scripts/signatures/signit_summary_table.R -i output/example/patients/patient1/sample1/snv_signatures/signit_output.Rds -o output/example/patients/patient1/sample1/snv_signatures/signit_exposure_summary_fractions.tsv --fraction --signit git/SignIT
Finished job 8.
12 of 24 steps (50%) done

rule sv_signatures_signit_summary:
    input: output/example/patients/patient3/sample1/sv_signatures/sv_signit_output.Rds
    output: output/example/patients/patient3/sample1/sv_signatures/sv_signit_exposure_summary.tsv, output/example/patients/patient3/sample1/sv_signatures/sv_signit_exposure_summary_fractions.tsv
    jobid: 13
    wildcards: project=example, patient=patient3, sample=sample1

Rscript scripts/signatures/signit_summary_table.R -i output/example/patients/patient3/sample1/sv_signatures/sv_signit_output.Rds -o output/example/patients/patient3/sample1/sv_signatures/sv_signit_exposure_summary.tsv --signit git/SignIT && Rscript scripts/signatures/signit_summary_table.R -i output/example/patients/patient3/sample1/sv_signatures/sv_signit_output.Rds -o output/example/patients/patient3/sample1/sv_signatures/sv_signit_exposure_summary_fractions.tsv --fraction --signit git/SignIT
Finished job 13.
13 of 24 steps (54%) done

rule sv_signatures_signit_summary:
    input: output/example/patients/patient1/sample1/sv_signatures/sv_signit_output.Rds
    output: output/example/patients/patient1/sample1/sv_signatures/sv_signit_exposure_summary.tsv, output/example/patients/patient1/sample1/sv_signatures/sv_signit_exposure_summary_fractions.tsv
    jobid: 9
    wildcards: project=example, patient=patient1, sample=sample1

Rscript scripts/signatures/signit_summary_table.R -i output/example/patients/patient1/sample1/sv_signatures/sv_signit_output.Rds -o output/example/patients/patient1/sample1/sv_signatures/sv_signit_exposure_summary.tsv --signit git/SignIT && Rscript scripts/signatures/signit_summary_table.R -i output/example/patients/patient1/sample1/sv_signatures/sv_signit_output.Rds -o output/example/patients/patient1/sample1/sv_signatures/sv_signit_exposure_summary_fractions.tsv --fraction --signit git/SignIT
Finished job 9.
14 of 24 steps (58%) done

rule microhomology_calculation:
    input: output/example/patients/patient1/sample1/indel_microhomology/indels_annotated.tsv
    output: output/example/patients/patient1/sample1/indel_microhomology/microhomology_scores.tsv
    jobid: 7
    wildcards: project=example, patient=patient1, sample=sample1

Rscript scripts/microhomology/compute_microhomology_scores.R -i output/example/patients/patient1/sample1/indel_microhomology/indels_annotated.tsv -o output/example/patients/patient1/sample1/indel_microhomology/microhomology_scores.tsv
Finished job 7.
15 of 24 steps (62%) done

rule microhomology_calculation:
    input: output/example/patients/patient3/sample1/indel_microhomology/indels_annotated.tsv
    output: output/example/patients/patient3/sample1/indel_microhomology/microhomology_scores.tsv
    jobid: 11
    wildcards: project=example, patient=patient3, sample=sample1

Rscript scripts/microhomology/compute_microhomology_scores.R -i output/example/patients/patient3/sample1/indel_microhomology/indels_annotated.tsv -o output/example/patients/patient3/sample1/indel_microhomology/microhomology_scores.tsv
Finished job 11.
16 of 24 steps (67%) done

rule hrd_scores:
    input: data/example/patients/patient1/sample1/segments.tsv
    output: output/example/patients/patient1/sample1/hrd_scores/hrd_score.tsv
    jobid: 6
    wildcards: project=example, patient=patient1, sample=sample1

Rscript scripts/hrdscore/run_test.R -l data/example/patients/patient1/sample1/segments.tsv -o output/example/patients/patient1/sample1/hrd_scores/hrd_score.tsv --genome hg19 --hrdtools=git/hrdtools
Finished job 6.
17 of 24 steps (71%) done

rule hrd_scores:
    input: data/example/patients/patient3/sample1/segments.tsv
    output: output/example/patients/patient3/sample1/hrd_scores/hrd_score.tsv
    jobid: 10
    wildcards: project=example, patient=patient3, sample=sample1

Rscript scripts/hrdscore/run_test.R -l data/example/patients/patient3/sample1/segments.tsv -o output/example/patients/patient3/sample1/hrd_scores/hrd_score.tsv --genome hg19 --hrdtools=git/hrdtools
Finished job 10.
18 of 24 steps (75%) done

rule combine_scores:
    input: output/example/patients/patient3/sample1/sv_signatures/sv_signit_exposure_summary.tsv, output/example/patients/patient3/sample1/indel_microhomology/microhomology_scores.tsv, output/example/patients/patient3/sample1/snv_signatures/signit_exposure_summary.tsv, output/example/patients/patient3/sample1/hrd_scores/hrd_score.tsv
    output: output/example/patients/patient3/sample1/hrdetect_components.tsv
    jobid: 5
    wildcards: project=example, patient=patient3, sample=sample1

 Rscript scripts/hrdetect/aggregate_scores.R -p patient3 -s sample1 --hrd output/example/patients/patient3/sample1/hrd_scores/hrd_score.tsv --snv output/example/patients/patient3/sample1/snv_signatures/signit_exposure_summary.tsv --sv output/example/patients/patient3/sample1/sv_signatures/sv_signit_exposure_summary.tsv --mh output/example/patients/patient3/sample1/indel_microhomology/microhomology_scores.tsv --out output/example/patients/patient3/sample1/hrdetect_components.tsv 
Finished job 5.
19 of 24 steps (79%) done

rule combine_scores:
    input: output/example/patients/patient1/sample1/sv_signatures/sv_signit_exposure_summary.tsv, output/example/patients/patient1/sample1/indel_microhomology/microhomology_scores.tsv, output/example/patients/patient1/sample1/snv_signatures/signit_exposure_summary.tsv, output/example/patients/patient1/sample1/hrd_scores/hrd_score.tsv
    output: output/example/patients/patient1/sample1/hrdetect_components.tsv
    jobid: 4
    wildcards: project=example, patient=patient1, sample=sample1

 Rscript scripts/hrdetect/aggregate_scores.R -p patient1 -s sample1 --hrd output/example/patients/patient1/sample1/hrd_scores/hrd_score.tsv --snv output/example/patients/patient1/sample1/snv_signatures/signit_exposure_summary.tsv --sv output/example/patients/patient1/sample1/sv_signatures/sv_signit_exposure_summary.tsv --mh output/example/patients/patient1/sample1/indel_microhomology/microhomology_scores.tsv --out output/example/patients/patient1/sample1/hrdetect_components.tsv 
Finished job 4.
20 of 24 steps (83%) done

rule hrdetect_component_paths:
    input: output/example/patients/patient1/sample1/hrdetect_components.tsv, output/example/patients/patient3/sample1/hrdetect_components.tsv
    output: output/example/cohorts/all/hrdetect/hrdetect_input_table_paths.tsv
    jobid: 3
    wildcards: project=example, cohort=all

Finished job 3.
21 of 24 steps (88%) done

rule aggregate_hrdetect_components:
    input: output/example/cohorts/all/hrdetect/hrdetect_input_table_paths.tsv
    output: output/example/cohorts/all/hrdetect/hrdetect_input_table.tsv
    jobid: 2
    wildcards: project=example, cohort=all

Rscript scripts/basic-functions/row_bind_tables.R -i output/example/cohorts/all/hrdetect/hrdetect_input_table_paths.tsv -o output/example/cohorts/all/hrdetect/hrdetect_input_table.tsv
Finished job 2.
22 of 24 steps (92%) done

rule hrdetect_output_table:
    input: output/example/cohorts/all/hrdetect/hrdetect_input_table.tsv
    output: output/example/cohorts/all/hrdetect/hrdetect_output_table.tsv
    log: output/example/cohorts/all/hrdetect/hrdetect_output_table.tsv
    jobid: 1
    wildcards: project=example, cohort=all

Rscript scripts/hrdetect/compute_hrdetect.R -i output/example/cohorts/all/hrdetect/hrdetect_input_table.tsv -o output/example/cohorts/all/hrdetect/hrdetect_output_table.tsv
Finished job 1.
23 of 24 steps (96%) done

localrule all:
    input: output/example/cohorts/all/hrdetect/hrdetect_output_table.tsv
    jobid: 0

Finished job 0.
24 of 24 steps (100%) done
