Building DAG of jobs...
Provided cores: 1
Rules claiming more threads will be scaled down.
Job counts:
	count	jobs
	1	aggregate_hrdetect_components
	1	all
	16	combine_scores
	1	example_segments
	14	hrd_scores
	1	hrdetect_component_paths
	1	hrdetect_output_table
	35

rule example_segments:
    input: examples/example/patient15/sample1/segments.tsv
    output: data/example/patients/patient15/sample1/segments.tsv
    jobid: 99
    wildcards: patient=patient15, sample=sample1

Finished job 99.
1 of 35 steps (3%) done

rule hrd_scores:
    input: data/example/patients/patient15/sample1/segments.tsv
    output: output/example/patients/patient15/sample1/hrd_scores/hrd_score.tsv
    jobid: 35
    wildcards: project=example, patient=patient15, sample=sample1

Rscript scripts/hrdscore/run_test.R -l data/example/patients/patient15/sample1/segments.tsv -o output/example/patients/patient15/sample1/hrd_scores/hrd_score.tsv --genome hg38 --hrdtools=git/hrdtools
Finished job 35.
2 of 35 steps (6%) done

rule hrd_scores:
    input: data/example/patients/patient4/sample1/segments.tsv
    output: output/example/patients/patient4/sample1/hrd_scores/hrd_score.tsv
    jobid: 78
    wildcards: project=example, patient=patient4, sample=sample1

Rscript scripts/hrdscore/run_test.R -l data/example/patients/patient4/sample1/segments.tsv -o output/example/patients/patient4/sample1/hrd_scores/hrd_score.tsv --genome hg38 --hrdtools=git/hrdtools
Error in rule hrd_scores:
    jobid: 78
    output: output/example/patients/patient4/sample1/hrd_scores/hrd_score.tsv

RuleException:
CalledProcessError in line 204 of /home/chris/hrdetect-pipeline/Snakefile:
Command ' set -euo pipefail;  Rscript scripts/hrdscore/run_test.R -l data/example/patients/patient4/sample1/segments.tsv -o output/example/patients/patient4/sample1/hrd_scores/hrd_score.tsv --genome hg38 --hrdtools=git/hrdtools ' returned non-zero exit status 1.
  File "/home/chris/hrdetect-pipeline/Snakefile", line 204, in __rule_hrd_scores
  File "/mnt/data/bind_homes/chris/hrdetect-pipeline/dependencies/miniconda3/envs/dependencies/lib/python3.6/concurrent/futures/thread.py", line 56, in run
Will exit after finishing currently running jobs.
Exiting because a job execution failed. Look above for error message
Complete log: .snakemake/log/2021-02-28T005121.766692.snakemake.log
