Building DAG of jobs...
Provided cores: 1
Rules claiming more threads will be scaled down.
Job counts:
	count	jobs
	1	aggregate_hrdetect_components
	1	all
	3	combine_scores
	3	example_indels
	3	example_segments
	3	example_snvs
	3	example_sv
	3	hrd_scores
	1	hrdetect_component_paths
	1	hrdetect_output_table
	3	indel_annotation
	3	microhomology_calculation
	3	mutation_catalogs
	3	snv_signatures_signit_exposures
	3	snv_signatures_signit_summary
	3	sv_catalogs
	3	sv_signatures_signit_exposures
	3	sv_signatures_signit_summary
	46

rule example_snvs:
    input: examples/example/patient2/sample1/somatic_snvs.vcf
    output: data/example/patients/patient2/sample1/somatic_snvs.vcf
    jobid: 44
    wildcards: patient=patient2, sample=sample1

cp -f examples/example/patient2/sample1/somatic_snvs.vcf data/example/patients/patient2/sample1/somatic_snvs.vcf
Finished job 44.
1 of 46 steps (2%) done

rule example_snvs:
    input: examples/example/patient1/sample1/somatic_snvs.vcf
    output: data/example/patients/patient1/sample1/somatic_snvs.vcf
    jobid: 40
    wildcards: patient=patient1, sample=sample1

cp -f examples/example/patient1/sample1/somatic_snvs.vcf data/example/patients/patient1/sample1/somatic_snvs.vcf
Finished job 40.
2 of 46 steps (4%) done

rule example_snvs:
    input: examples/example/patient3/sample1/somatic_snvs.vcf
    output: data/example/patients/patient3/sample1/somatic_snvs.vcf
    jobid: 43
    wildcards: patient=patient3, sample=sample1

cp -f examples/example/patient3/sample1/somatic_snvs.vcf data/example/patients/patient3/sample1/somatic_snvs.vcf
Finished job 43.
3 of 46 steps (7%) done

rule example_sv:
    input: examples/example/patient3/sample1/somatic_sv.tsv
    output: data/example/patients/patient3/sample1/somatic_sv.tsv
    jobid: 42
    wildcards: patient=patient3, sample=sample1

cp -f examples/example/patient3/sample1/somatic_sv.tsv data/example/patients/patient3/sample1/somatic_sv.tsv
Finished job 42.
4 of 46 steps (9%) done

rule example_sv:
    input: examples/example/patient2/sample1/somatic_sv.tsv
    output: data/example/patients/patient2/sample1/somatic_sv.tsv
    jobid: 45
    wildcards: patient=patient2, sample=sample1

cp -f examples/example/patient2/sample1/somatic_sv.tsv data/example/patients/patient2/sample1/somatic_sv.tsv
Finished job 45.
5 of 46 steps (11%) done

rule example_sv:
    input: examples/example/patient1/sample1/somatic_sv.tsv
    output: data/example/patients/patient1/sample1/somatic_sv.tsv
    jobid: 41
    wildcards: patient=patient1, sample=sample1

cp -f examples/example/patient1/sample1/somatic_sv.tsv data/example/patients/patient1/sample1/somatic_sv.tsv
Finished job 41.
6 of 46 steps (13%) done

rule mutation_catalogs:
    input: data/example/patients/patient2/sample1/somatic_snvs.vcf
    output: output/example/patients/patient2/sample1/snv_signatures/mutation_catalog.tsv
    jobid: 37
    wildcards: project=example, patient=patient2, sample=sample1

Rscript scripts/signatures/get_mutation_catalog.R -v data/example/patients/patient2/sample1/somatic_snvs.vcf -c output/example/patients/patient2/sample1/snv_signatures/mutation_catalog.tsv --ref GRCh38
Error in rule mutation_catalogs:
    jobid: 37
    output: output/example/patients/patient2/sample1/snv_signatures/mutation_catalog.tsv

RuleException:
CalledProcessError in line 90 of /home/chris/hrdetect-pipeline/Snakefile:
Command ' set -euo pipefail;  Rscript scripts/signatures/get_mutation_catalog.R -v data/example/patients/patient2/sample1/somatic_snvs.vcf -c output/example/patients/patient2/sample1/snv_signatures/mutation_catalog.tsv --ref GRCh38 ' returned non-zero exit status 1.
  File "/home/chris/hrdetect-pipeline/Snakefile", line 90, in __rule_mutation_catalogs
  File "/mnt/data/bind_homes/chris/hrdetect-pipeline/dependencies/miniconda3/envs/dependencies/lib/python3.6/concurrent/futures/thread.py", line 56, in run
Will exit after finishing currently running jobs.
Exiting because a job execution failed. Look above for error message
Complete log: .snakemake/log/2021-02-26T000158.917070.snakemake.log
