Building DAG of jobs...
Provided cores: 1
Rules claiming more threads will be scaled down.
Job counts:
	count	jobs
	1	aggregate_hrdetect_components
	1	all
	46	combine_scores
	33	example_indels
	46	example_segments
	16	example_snvs
	16	example_sv
	46	hrd_scores
	1	hrdetect_component_paths
	1	hrdetect_output_table
	46	indel_annotation
	46	microhomology_calculation
	26	mutation_catalogs
	46	snv_signatures_signit_exposures
	46	snv_signatures_signit_summary
	46	sv_catalogs
	46	sv_signatures_signit_exposures
	46	sv_signatures_signit_summary
	555

rule example_snvs:
    input: examples/example/patient14/sample1/somatic_snvs.vcf
    output: data/example/patients/patient14/sample1/somatic_snvs.vcf
    jobid: 630
    wildcards: patient=patient14, sample=sample1

cp -f examples/example/patient14/sample1/somatic_snvs.vcf data/example/patients/patient14/sample1/somatic_snvs.vcf
Finished job 630.
1 of 555 steps (0.18%) done

rule example_snvs:
    input: examples/example/patient11/sample1/somatic_snvs.vcf
    output: data/example/patients/patient11/sample1/somatic_snvs.vcf
    jobid: 579
    wildcards: patient=patient11, sample=sample1

cp -f examples/example/patient11/sample1/somatic_snvs.vcf data/example/patients/patient11/sample1/somatic_snvs.vcf
Finished job 579.
2 of 555 steps (0.36%) done

rule example_snvs:
    input: examples/example/patient8/sample1/somatic_snvs.vcf
    output: data/example/patients/patient8/sample1/somatic_snvs.vcf
    jobid: 580
    wildcards: patient=patient8, sample=sample1

cp -f examples/example/patient8/sample1/somatic_snvs.vcf data/example/patients/patient8/sample1/somatic_snvs.vcf
Finished job 580.
3 of 555 steps (0.54%) done

rule example_snvs:
    input: examples/example/patient10/sample1/somatic_snvs.vcf
    output: data/example/patients/patient10/sample1/somatic_snvs.vcf
    jobid: 574
    wildcards: patient=patient10, sample=sample1

cp -f examples/example/patient10/sample1/somatic_snvs.vcf data/example/patients/patient10/sample1/somatic_snvs.vcf
Finished job 574.
4 of 555 steps (0.72%) done

rule example_snvs:
    input: examples/example/patient15/sample1/somatic_snvs.vcf
    output: data/example/patients/patient15/sample1/somatic_snvs.vcf
    jobid: 562
    wildcards: patient=patient15, sample=sample1

cp -f examples/example/patient15/sample1/somatic_snvs.vcf data/example/patients/patient15/sample1/somatic_snvs.vcf
Finished job 562.
5 of 555 steps (0.90%) done

rule example_snvs:
    input: examples/example/patient13/sample1/somatic_snvs.vcf
    output: data/example/patients/patient13/sample1/somatic_snvs.vcf
    jobid: 633
    wildcards: patient=patient13, sample=sample1

cp -f examples/example/patient13/sample1/somatic_snvs.vcf data/example/patients/patient13/sample1/somatic_snvs.vcf
Finished job 633.
6 of 555 steps (1%) done

rule example_snvs:
    input: examples/example/patient9/sample1/somatic_snvs.vcf
    output: data/example/patients/patient9/sample1/somatic_snvs.vcf
    jobid: 561
    wildcards: patient=patient9, sample=sample1

cp -f examples/example/patient9/sample1/somatic_snvs.vcf data/example/patients/patient9/sample1/somatic_snvs.vcf
Finished job 561.
7 of 555 steps (1%) done

rule example_snvs:
    input: examples/example/patient2/sample1/somatic_snvs.vcf
    output: data/example/patients/patient2/sample1/somatic_snvs.vcf
    jobid: 640
    wildcards: patient=patient2, sample=sample1

cp -f examples/example/patient2/sample1/somatic_snvs.vcf data/example/patients/patient2/sample1/somatic_snvs.vcf
Finished job 640.
8 of 555 steps (1%) done

rule example_snvs:
    input: examples/example/patient7/sample1/somatic_snvs.vcf
    output: data/example/patients/patient7/sample1/somatic_snvs.vcf
    jobid: 637
    wildcards: patient=patient7, sample=sample1

cp -f examples/example/patient7/sample1/somatic_snvs.vcf data/example/patients/patient7/sample1/somatic_snvs.vcf
Finished job 637.
9 of 555 steps (2%) done

rule example_snvs:
    input: examples/example/patient1/sample1/somatic_snvs.vcf
    output: data/example/patients/patient1/sample1/somatic_snvs.vcf
    jobid: 615
    wildcards: patient=patient1, sample=sample1

cp -f examples/example/patient1/sample1/somatic_snvs.vcf data/example/patients/patient1/sample1/somatic_snvs.vcf
Finished job 615.
10 of 555 steps (2%) done

rule example_snvs:
    input: examples/example/patient5/sample1/somatic_snvs.vcf
    output: data/example/patients/patient5/sample1/somatic_snvs.vcf
    jobid: 597
    wildcards: patient=patient5, sample=sample1

cp -f examples/example/patient5/sample1/somatic_snvs.vcf data/example/patients/patient5/sample1/somatic_snvs.vcf
Finished job 597.
11 of 555 steps (2%) done

rule example_snvs:
    input: examples/example/patient4/sample1/somatic_snvs.vcf
    output: data/example/patients/patient4/sample1/somatic_snvs.vcf
    jobid: 565
    wildcards: patient=patient4, sample=sample1

cp -f examples/example/patient4/sample1/somatic_snvs.vcf data/example/patients/patient4/sample1/somatic_snvs.vcf
Finished job 565.
12 of 555 steps (2%) done

rule example_snvs:
    input: examples/example/patient3/sample1/somatic_snvs.vcf
    output: data/example/patients/patient3/sample1/somatic_snvs.vcf
    jobid: 646
    wildcards: patient=patient3, sample=sample1

cp -f examples/example/patient3/sample1/somatic_snvs.vcf data/example/patients/patient3/sample1/somatic_snvs.vcf
Finished job 646.
13 of 555 steps (2%) done

rule example_snvs:
    input: examples/example/patient12/sample1/somatic_snvs.vcf
    output: data/example/patients/patient12/sample1/somatic_snvs.vcf
    jobid: 624
    wildcards: patient=patient12, sample=sample1

cp -f examples/example/patient12/sample1/somatic_snvs.vcf data/example/patients/patient12/sample1/somatic_snvs.vcf
Finished job 624.
14 of 555 steps (3%) done

rule example_snvs:
    input: examples/example/patient6/sample1/somatic_snvs.vcf
    output: data/example/patients/patient6/sample1/somatic_snvs.vcf
    jobid: 644
    wildcards: patient=patient6, sample=sample1

cp -f examples/example/patient6/sample1/somatic_snvs.vcf data/example/patients/patient6/sample1/somatic_snvs.vcf
Finished job 644.
15 of 555 steps (3%) done

rule example_snvs:
    input: examples/example/patient16/sample1/somatic_snvs.vcf
    output: data/example/patients/patient16/sample1/somatic_snvs.vcf
    jobid: 595
    wildcards: patient=patient16, sample=sample1

cp -f examples/example/patient16/sample1/somatic_snvs.vcf data/example/patients/patient16/sample1/somatic_snvs.vcf
Finished job 595.
16 of 555 steps (3%) done

rule example_sv:
    input: examples/example/patient6/sample1/somatic_sv.tsv
    output: data/example/patients/patient6/sample1/somatic_sv.tsv
    jobid: 645
    wildcards: patient=patient6, sample=sample1

cp -f examples/example/patient6/sample1/somatic_sv.tsv data/example/patients/patient6/sample1/somatic_sv.tsv
Finished job 645.
17 of 555 steps (3%) done

rule example_sv:
    input: examples/example/patient4/sample1/somatic_sv.tsv
    output: data/example/patients/patient4/sample1/somatic_sv.tsv
    jobid: 564
    wildcards: patient=patient4, sample=sample1

cp -f examples/example/patient4/sample1/somatic_sv.tsv data/example/patients/patient4/sample1/somatic_sv.tsv
Finished job 564.
18 of 555 steps (3%) done

rule example_sv:
    input: examples/example/patient3/sample1/somatic_sv.tsv
    output: data/example/patients/patient3/sample1/somatic_sv.tsv
    jobid: 647
    wildcards: patient=patient3, sample=sample1

cp -f examples/example/patient3/sample1/somatic_sv.tsv data/example/patients/patient3/sample1/somatic_sv.tsv
Finished job 647.
19 of 555 steps (3%) done

rule example_sv:
    input: examples/example/patient13/sample1/somatic_sv.tsv
    output: data/example/patients/patient13/sample1/somatic_sv.tsv
    jobid: 632
    wildcards: patient=patient13, sample=sample1

cp -f examples/example/patient13/sample1/somatic_sv.tsv data/example/patients/patient13/sample1/somatic_sv.tsv
Finished job 632.
20 of 555 steps (4%) done

rule example_sv:
    input: examples/example/patient7/sample1/somatic_sv.tsv
    output: data/example/patients/patient7/sample1/somatic_sv.tsv
    jobid: 636
    wildcards: patient=patient7, sample=sample1

cp -f examples/example/patient7/sample1/somatic_sv.tsv data/example/patients/patient7/sample1/somatic_sv.tsv
Finished job 636.
21 of 555 steps (4%) done

rule example_sv:
    input: examples/example/patient9/sample1/somatic_sv.tsv
    output: data/example/patients/patient9/sample1/somatic_sv.tsv
    jobid: 560
    wildcards: patient=patient9, sample=sample1

cp -f examples/example/patient9/sample1/somatic_sv.tsv data/example/patients/patient9/sample1/somatic_sv.tsv
Finished job 560.
22 of 555 steps (4%) done

rule example_sv:
    input: examples/example/patient2/sample1/somatic_sv.tsv
    output: data/example/patients/patient2/sample1/somatic_sv.tsv
    jobid: 641
    wildcards: patient=patient2, sample=sample1

cp -f examples/example/patient2/sample1/somatic_sv.tsv data/example/patients/patient2/sample1/somatic_sv.tsv
Finished job 641.
23 of 555 steps (4%) done

rule example_sv:
    input: examples/example/patient16/sample1/somatic_sv.tsv
    output: data/example/patients/patient16/sample1/somatic_sv.tsv
    jobid: 594
    wildcards: patient=patient16, sample=sample1

cp -f examples/example/patient16/sample1/somatic_sv.tsv data/example/patients/patient16/sample1/somatic_sv.tsv
Finished job 594.
24 of 555 steps (4%) done

rule example_sv:
    input: examples/example/patient8/sample1/somatic_sv.tsv
    output: data/example/patients/patient8/sample1/somatic_sv.tsv
    jobid: 581
    wildcards: patient=patient8, sample=sample1

cp -f examples/example/patient8/sample1/somatic_sv.tsv data/example/patients/patient8/sample1/somatic_sv.tsv
Finished job 581.
25 of 555 steps (5%) done

rule example_sv:
    input: examples/example/patient10/sample1/somatic_sv.tsv
    output: data/example/patients/patient10/sample1/somatic_sv.tsv
    jobid: 575
    wildcards: patient=patient10, sample=sample1

cp -f examples/example/patient10/sample1/somatic_sv.tsv data/example/patients/patient10/sample1/somatic_sv.tsv
Finished job 575.
26 of 555 steps (5%) done

rule example_sv:
    input: examples/example/patient15/sample1/somatic_sv.tsv
    output: data/example/patients/patient15/sample1/somatic_sv.tsv
    jobid: 563
    wildcards: patient=patient15, sample=sample1

cp -f examples/example/patient15/sample1/somatic_sv.tsv data/example/patients/patient15/sample1/somatic_sv.tsv
Finished job 563.
27 of 555 steps (5%) done

rule example_sv:
    input: examples/example/patient5/sample1/somatic_sv.tsv
    output: data/example/patients/patient5/sample1/somatic_sv.tsv
    jobid: 596
    wildcards: patient=patient5, sample=sample1

cp -f examples/example/patient5/sample1/somatic_sv.tsv data/example/patients/patient5/sample1/somatic_sv.tsv
Finished job 596.
28 of 555 steps (5%) done

rule example_sv:
    input: examples/example/patient12/sample1/somatic_sv.tsv
    output: data/example/patients/patient12/sample1/somatic_sv.tsv
    jobid: 625
    wildcards: patient=patient12, sample=sample1

cp -f examples/example/patient12/sample1/somatic_sv.tsv data/example/patients/patient12/sample1/somatic_sv.tsv
Finished job 625.
29 of 555 steps (5%) done

rule example_sv:
    input: examples/example/patient11/sample1/somatic_sv.tsv
    output: data/example/patients/patient11/sample1/somatic_sv.tsv
    jobid: 578
    wildcards: patient=patient11, sample=sample1

cp -f examples/example/patient11/sample1/somatic_sv.tsv data/example/patients/patient11/sample1/somatic_sv.tsv
Finished job 578.
30 of 555 steps (5%) done

rule example_sv:
    input: examples/example/patient14/sample1/somatic_sv.tsv
    output: data/example/patients/patient14/sample1/somatic_sv.tsv
    jobid: 631
    wildcards: patient=patient14, sample=sample1

cp -f examples/example/patient14/sample1/somatic_sv.tsv data/example/patients/patient14/sample1/somatic_sv.tsv
Finished job 631.
31 of 555 steps (6%) done

rule example_sv:
    input: examples/example/patient1/sample1/somatic_sv.tsv
    output: data/example/patients/patient1/sample1/somatic_sv.tsv
    jobid: 614
    wildcards: patient=patient1, sample=sample1

cp -f examples/example/patient1/sample1/somatic_sv.tsv data/example/patients/patient1/sample1/somatic_sv.tsv
Finished job 614.
32 of 555 steps (6%) done

rule example_indels:
    input: examples/example/patient25/sample1/somatic_indels.vcf
    output: data/example/patients/patient25/sample1/somatic_indels.vcf
    jobid: 482
    wildcards: patient=patient25, sample=sample1

cp -f examples/example/patient25/sample1/somatic_indels.vcf data/example/patients/patient25/sample1/somatic_indels.vcf
Finished job 482.
33 of 555 steps (6%) done

rule example_indels:
    input: examples/example/patient30/sample1/somatic_indels.vcf
    output: data/example/patients/patient30/sample1/somatic_indels.vcf
    jobid: 509
    wildcards: patient=patient30, sample=sample1

cp -f examples/example/patient30/sample1/somatic_indels.vcf data/example/patients/patient30/sample1/somatic_indels.vcf
Finished job 509.
34 of 555 steps (6%) done

rule mutation_catalogs:
    input: data/example/patients/patient19/sample1/somatic_snvs.vcf
    output: output/example/patients/patient19/sample1/snv_signatures/mutation_catalog.tsv
    jobid: 473
    wildcards: project=example, patient=patient19, sample=sample1

Rscript scripts/signatures/get_mutation_catalog.R -v data/example/patients/patient19/sample1/somatic_snvs.vcf -c output/example/patients/patient19/sample1/snv_signatures/mutation_catalog.tsv --ref hg19
Finished job 473.
35 of 555 steps (6%) done

rule mutation_catalogs:
    input: data/example/patients/patient29/sample1/somatic_snvs.vcf
    output: output/example/patients/patient29/sample1/snv_signatures/mutation_catalog.tsv
    jobid: 488
    wildcards: project=example, patient=patient29, sample=sample1

Rscript scripts/signatures/get_mutation_catalog.R -v data/example/patients/patient29/sample1/somatic_snvs.vcf -c output/example/patients/patient29/sample1/snv_signatures/mutation_catalog.tsv --ref hg19
Finished job 488.
36 of 555 steps (6%) done

rule example_indels:
    input: examples/example/patient24/sample1/somatic_indels.vcf
    output: data/example/patients/patient24/sample1/somatic_indels.vcf
    jobid: 448
    wildcards: patient=patient24, sample=sample1

cp -f examples/example/patient24/sample1/somatic_indels.vcf data/example/patients/patient24/sample1/somatic_indels.vcf
Finished job 448.
37 of 555 steps (7%) done

rule example_indels:
    input: examples/example/patient20/sample1/somatic_indels.vcf
    output: data/example/patients/patient20/sample1/somatic_indels.vcf
    jobid: 471
    wildcards: patient=patient20, sample=sample1

cp -f examples/example/patient20/sample1/somatic_indels.vcf data/example/patients/patient20/sample1/somatic_indels.vcf
Finished job 471.
38 of 555 steps (7%) done

rule mutation_catalogs:
    input: data/example/patients/patient14/sample1/somatic_snvs.vcf
    output: output/example/patients/patient14/sample1/snv_signatures/mutation_catalog.tsv
    jobid: 529
    wildcards: project=example, patient=patient14, sample=sample1

Rscript scripts/signatures/get_mutation_catalog.R -v data/example/patients/patient14/sample1/somatic_snvs.vcf -c output/example/patients/patient14/sample1/snv_signatures/mutation_catalog.tsv --ref hg19
Error in rule mutation_catalogs:
    jobid: 529
    output: output/example/patients/patient14/sample1/snv_signatures/mutation_catalog.tsv

RuleException:
CalledProcessError in line 90 of /home/chris/hrdetect-pipeline/Snakefile:
Command ' set -euo pipefail;  Rscript scripts/signatures/get_mutation_catalog.R -v data/example/patients/patient14/sample1/somatic_snvs.vcf -c output/example/patients/patient14/sample1/snv_signatures/mutation_catalog.tsv --ref hg19 ' returned non-zero exit status 1.
  File "/home/chris/hrdetect-pipeline/Snakefile", line 90, in __rule_mutation_catalogs
  File "/mnt/data/bind_homes/chris/hrdetect-pipeline/dependencies/miniconda3/envs/dependencies/lib/python3.6/concurrent/futures/thread.py", line 56, in run
Will exit after finishing currently running jobs.
Exiting because a job execution failed. Look above for error message
Complete log: .snakemake/log/2021-03-02T233129.531784.snakemake.log
